2017-01-26 13:19:36 - PHP Notice:  Undefined index: guest in /home/www/demo-opencart.ru/public_html/catalog/controller/checkout/guest_shipping.php on line 84
2017-02-21 0:22:39 - PHP Notice:  Undefined index: required in /home/www/demo-opencart.ru/public_html/admin/controller/customer/custom_field.php on line 499
2017-05-18 9:45:46 - PHP Warning:  SessionHandler::write(): The session id is too long or contains illegal characters, valid characters are a-z, A-Z, 0-9 and '-,' in /home/www/demo-opencart.ru/public_html/system/library/session/native.php on line 21
2017-06-29 15:29:46 - PHP Notice:  Undefined index: country_id in /home/www/demo-opencart.ru/public_html/catalog/controller/extension/total/shipping.php on line 68
2017-06-29 15:29:46 - PHP Notice:  Undefined index: country_id in /home/www/demo-opencart.ru/public_html/catalog/controller/extension/total/shipping.php on line 78
2017-07-13 12:04:34 - PHP Warning:  Invalid argument supplied for foreach() in /home/www/demo-opencart.ru/public_html/system/library/cart/cart.php on line 50
2017-07-13 12:04:34 - PHP Warning:  Invalid argument supplied for foreach() in /home/www/demo-opencart.ru/public_html/system/library/cart/cart.php on line 50
2017-07-13 12:04:34 - PHP Warning:  Invalid argument supplied for foreach() in /home/www/demo-opencart.ru/public_html/system/library/cart/cart.php on line 50
2017-07-13 12:04:34 - PHP Warning:  Invalid argument supplied for foreach() in /home/www/demo-opencart.ru/public_html/system/library/cart/cart.php on line 50
2017-07-13 12:06:20 - PHP Warning:  Invalid argument supplied for foreach() in /home/www/demo-opencart.ru/public_html/system/library/cart/cart.php on line 50
2017-07-13 12:06:20 - PHP Warning:  Invalid argument supplied for foreach() in /home/www/demo-opencart.ru/public_html/system/library/cart/cart.php on line 50
2017-07-13 12:06:20 - PHP Warning:  Invalid argument supplied for foreach() in /home/www/demo-opencart.ru/public_html/system/library/cart/cart.php on line 50
2017-07-13 12:06:20 - PHP Warning:  Invalid argument supplied for foreach() in /home/www/demo-opencart.ru/public_html/system/library/cart/cart.php on line 50
2017-07-13 12:06:20 - PHP Warning:  Invalid argument supplied for foreach() in /home/www/demo-opencart.ru/public_html/system/library/cart/cart.php on line 50
2017-07-13 12:06:20 - PHP Warning:  Invalid argument supplied for foreach() in /home/www/demo-opencart.ru/public_html/system/library/cart/cart.php on line 50
2017-07-13 12:06:20 - PHP Warning:  Invalid argument supplied for foreach() in /home/www/demo-opencart.ru/public_html/system/library/cart/cart.php on line 50
2017-07-13 12:06:20 - PHP Warning:  Invalid argument supplied for foreach() in /home/www/demo-opencart.ru/public_html/system/library/cart/cart.php on line 50
2017-07-13 12:06:26 - PHP Warning:  Invalid argument supplied for foreach() in /home/www/demo-opencart.ru/public_html/system/library/cart/cart.php on line 50
2017-07-13 12:06:26 - PHP Warning:  Invalid argument supplied for foreach() in /home/www/demo-opencart.ru/public_html/system/library/cart/cart.php on line 50
2017-07-13 12:06:26 - PHP Warning:  Invalid argument supplied for foreach() in /home/www/demo-opencart.ru/public_html/system/library/cart/cart.php on line 50
2017-07-13 12:06:26 - PHP Warning:  Invalid argument supplied for foreach() in /home/www/demo-opencart.ru/public_html/system/library/cart/cart.php on line 50
2017-07-13 12:06:26 - PHP Warning:  Invalid argument supplied for foreach() in /home/www/demo-opencart.ru/public_html/system/library/cart/cart.php on line 50
2017-07-13 12:06:26 - PHP Warning:  Invalid argument supplied for foreach() in /home/www/demo-opencart.ru/public_html/system/library/cart/cart.php on line 50
2017-07-13 12:06:26 - PHP Warning:  Invalid argument supplied for foreach() in /home/www/demo-opencart.ru/public_html/system/library/cart/cart.php on line 50
2017-07-13 12:06:26 - PHP Warning:  Invalid argument supplied for foreach() in /home/www/demo-opencart.ru/public_html/system/library/cart/cart.php on line 50
2017-07-13 12:06:26 - PHP Warning:  Invalid argument supplied for foreach() in /home/www/demo-opencart.ru/public_html/system/library/cart/cart.php on line 50
2017-07-13 12:06:26 - PHP Warning:  Invalid argument supplied for foreach() in /home/www/demo-opencart.ru/public_html/system/library/cart/cart.php on line 50
2017-07-13 12:06:26 - PHP Warning:  Invalid argument supplied for foreach() in /home/www/demo-opencart.ru/public_html/system/library/cart/cart.php on line 50
2017-07-13 12:06:26 - PHP Warning:  Invalid argument supplied for foreach() in /home/www/demo-opencart.ru/public_html/system/library/cart/cart.php on line 50
2021-06-16 16:50:30 - PHP Notice:  Undefined index: cdek_max_weight in /var/www/egorov/data/www/opencart-2-3-0-0.egorov.t-leader.ru/admin/controller/extension/shipping/cdek.php on line 667
2021-06-16 16:50:30 - PHP Notice:  Undefined index: cdek_min_weight in /var/www/egorov/data/www/opencart-2-3-0-0.egorov.t-leader.ru/admin/controller/extension/shipping/cdek.php on line 667
2021-06-16 16:50:30 - PHP Notice:  Undefined index: cdek_min_total in /var/www/egorov/data/www/opencart-2-3-0-0.egorov.t-leader.ru/admin/controller/extension/shipping/cdek.php on line 667
2021-06-16 16:50:30 - PHP Notice:  Undefined index: cdek_max_total in /var/www/egorov/data/www/opencart-2-3-0-0.egorov.t-leader.ru/admin/controller/extension/shipping/cdek.php on line 667
2021-06-16 17:08:12 - PHP Notice:  Undefined index: cdek_max_weight in /var/www/egorov/data/www/opencart-2-3-0-0.egorov.t-leader.ru/admin/controller/extension/shipping/cdek.php on line 667
2021-06-16 17:08:12 - PHP Notice:  Undefined index: cdek_min_weight in /var/www/egorov/data/www/opencart-2-3-0-0.egorov.t-leader.ru/admin/controller/extension/shipping/cdek.php on line 667
2021-06-16 17:08:12 - PHP Notice:  Undefined index: cdek_min_total in /var/www/egorov/data/www/opencart-2-3-0-0.egorov.t-leader.ru/admin/controller/extension/shipping/cdek.php on line 667
2021-06-16 17:08:12 - PHP Notice:  Undefined index: cdek_max_total in /var/www/egorov/data/www/opencart-2-3-0-0.egorov.t-leader.ru/admin/controller/extension/shipping/cdek.php on line 667
2021-06-16 17:08:12 - PHP Notice:  Undefined index: cdek_packing_value in /var/www/egorov/data/www/opencart-2-3-0-0.egorov.t-leader.ru/admin/controller/extension/shipping/cdek.php on line 667
2021-06-16 17:08:12 - PHP Notice:  Undefined index: cdek_more_days in /var/www/egorov/data/www/opencart-2-3-0-0.egorov.t-leader.ru/admin/controller/extension/shipping/cdek.php on line 667
2021-06-16 17:08:12 - PHP Notice:  Undefined index: cdek_packing_min_weight in /var/www/egorov/data/www/opencart-2-3-0-0.egorov.t-leader.ru/admin/controller/extension/shipping/cdek.php on line 672
2021-06-16 17:08:12 - PHP Notice:  Undefined index: max_weight in /var/www/egorov/data/www/opencart-2-3-0-0.egorov.t-leader.ru/admin/controller/extension/shipping/cdek.php on line 699
2021-06-16 17:08:12 - PHP Notice:  Undefined index: max_weight in /var/www/egorov/data/www/opencart-2-3-0-0.egorov.t-leader.ru/admin/controller/extension/shipping/cdek.php on line 701
2021-06-16 17:08:12 - PHP Notice:  Undefined index: min_weight in /var/www/egorov/data/www/opencart-2-3-0-0.egorov.t-leader.ru/admin/controller/extension/shipping/cdek.php on line 699
2021-06-16 17:08:12 - PHP Notice:  Undefined index: min_weight in /var/www/egorov/data/www/opencart-2-3-0-0.egorov.t-leader.ru/admin/controller/extension/shipping/cdek.php on line 701
2021-06-16 17:08:12 - PHP Notice:  Undefined index: min_total in /var/www/egorov/data/www/opencart-2-3-0-0.egorov.t-leader.ru/admin/controller/extension/shipping/cdek.php on line 699
2021-06-16 17:08:12 - PHP Notice:  Undefined index: min_total in /var/www/egorov/data/www/opencart-2-3-0-0.egorov.t-leader.ru/admin/controller/extension/shipping/cdek.php on line 701
2021-06-16 17:08:12 - PHP Notice:  Undefined index: max_total in /var/www/egorov/data/www/opencart-2-3-0-0.egorov.t-leader.ru/admin/controller/extension/shipping/cdek.php on line 699
2021-06-16 17:08:12 - PHP Notice:  Undefined index: max_total in /var/www/egorov/data/www/opencart-2-3-0-0.egorov.t-leader.ru/admin/controller/extension/shipping/cdek.php on line 701
2021-06-16 20:21:31 - СДЭК: вес заказа 10.001
2021-06-16 20:21:31 - СДЭК WARNING: не найден регион Moscow
2021-06-16 20:21:31 - СДЭК INFO: город (покупатель): москва
2021-06-16 20:21:31 - СДЭК INFO: регион (покупатель): Moscow
2021-06-16 20:21:31 - СДЭК INFO: город (определен): Москва, Москва
2021-06-16 20:21:31 - СДЭК: объем 0
2021-06-16 20:21:31 - СДЭК: не удалось рассчитать объем, возможно не заданы размеры товара или не установлено значение по умолчанию в настройках модуля!
2021-06-16 20:22:01 - PHP Notice:  Undefined variable: update_city in /var/www/egorov/data/www/opencart-2-3-0-0.egorov.t-leader.ru/admin/view/template/extension/module/cdek_integrator/option.tpl on line 8
2021-06-16 20:22:01 - PHP Notice:  Undefined variable: text_updatecity in /var/www/egorov/data/www/opencart-2-3-0-0.egorov.t-leader.ru/admin/view/template/extension/module/cdek_integrator/option.tpl on line 9
2021-06-16 20:22:01 - PHP Notice:  Undefined index: replace_items in /var/www/egorov/data/www/opencart-2-3-0-0.egorov.t-leader.ru/admin/view/template/extension/module/cdek_integrator/option.tpl on line 315
2021-06-16 20:24:43 - PHP Notice:  Undefined variable: update_city in /var/www/egorov/data/www/opencart-2-3-0-0.egorov.t-leader.ru/admin/view/template/extension/module/cdek_integrator/option.tpl on line 8
2021-06-16 20:24:43 - PHP Notice:  Undefined variable: text_updatecity in /var/www/egorov/data/www/opencart-2-3-0-0.egorov.t-leader.ru/admin/view/template/extension/module/cdek_integrator/option.tpl on line 9
2021-06-16 20:24:43 - PHP Notice:  Undefined index: replace_items in /var/www/egorov/data/www/opencart-2-3-0-0.egorov.t-leader.ru/admin/view/template/extension/module/cdek_integrator/option.tpl on line 315
2021-06-16 20:25:22 - PHP Notice:  Undefined variable: update_city in /var/www/egorov/data/www/opencart-2-3-0-0.egorov.t-leader.ru/admin/view/template/extension/module/cdek_integrator/option.tpl on line 8
2021-06-16 20:25:22 - PHP Notice:  Undefined variable: text_updatecity in /var/www/egorov/data/www/opencart-2-3-0-0.egorov.t-leader.ru/admin/view/template/extension/module/cdek_integrator/option.tpl on line 9
2021-06-16 20:25:32 - PHP Notice:  Undefined variable: update_city in /var/www/egorov/data/www/opencart-2-3-0-0.egorov.t-leader.ru/admin/view/template/extension/module/cdek_integrator/option.tpl on line 8
2021-06-16 20:25:32 - PHP Notice:  Undefined variable: text_updatecity in /var/www/egorov/data/www/opencart-2-3-0-0.egorov.t-leader.ru/admin/view/template/extension/module/cdek_integrator/option.tpl on line 9
2021-06-16 20:25:52 - СДЭК: вес заказа 10.001
2021-06-16 20:25:52 - СДЭК WARNING: не найден регион Moscow
2021-06-16 20:25:52 - СДЭК INFO: город (покупатель): москва
2021-06-16 20:25:52 - СДЭК INFO: регион (покупатель): Moscow
2021-06-16 20:25:52 - СДЭК INFO: город (определен): Москва, Москва
2021-06-16 20:25:52 - СДЭК: объем 0
2021-06-16 20:25:52 - СДЭК: не удалось рассчитать объем, возможно не заданы размеры товара или не установлено значение по умолчанию в настройках модуля!
2021-06-16 20:31:12 - СДЭК: вес заказа 10.001
2021-06-16 20:31:13 - СДЭК WARNING: не найден регион Moscow
2021-06-16 20:31:13 - СДЭК INFO: город (покупатель): москва
2021-06-16 20:31:13 - СДЭК INFO: регион (покупатель): Moscow
2021-06-16 20:31:13 - СДЭК INFO: город (определен): Москва, Москва
2021-06-16 20:31:13 - СДЭК: объем 0
2021-06-16 20:31:13 - СДЭК: не удалось рассчитать объем, возможно не заданы размеры товара или не установлено значение по умолчанию в настройках модуля!
2021-06-16 20:31:28 - PHP Notice:  Undefined variable: update_city in /var/www/egorov/data/www/opencart-2-3-0-0.egorov.t-leader.ru/admin/view/template/extension/module/cdek_integrator/option.tpl on line 8
2021-06-16 20:31:40 - PHP Notice:  Undefined variable: update_city in /var/www/egorov/data/www/opencart-2-3-0-0.egorov.t-leader.ru/admin/view/template/extension/module/cdek_integrator/option.tpl on line 8
2021-06-16 20:32:25 - PHP Notice:  Undefined variable: update_city in /var/www/egorov/data/www/opencart-2-3-0-0.egorov.t-leader.ru/admin/view/template/extension/module/cdek_integrator/option.tpl on line 8
2021-06-16 20:32:35 - СДЭК: вес заказа 10.001
2021-06-16 20:32:35 - СДЭК WARNING: не найден регион Moscow
2021-06-16 20:32:35 - СДЭК INFO: город (покупатель): москва
2021-06-16 20:32:35 - СДЭК INFO: регион (покупатель): Moscow
2021-06-16 20:32:35 - СДЭК INFO: город (определен): Москва, Москва
2021-06-16 20:32:35 - СДЭК: объем 0
2021-06-16 20:32:35 - СДЭК: не удалось рассчитать объем, возможно не заданы размеры товара или не установлено значение по умолчанию в настройках модуля!
2021-06-16 20:36:58 - PHP Notice:  Undefined variable: update_city in /var/www/egorov/data/www/opencart-2-3-0-0.egorov.t-leader.ru/admin/view/template/extension/module/cdek_integrator/option.tpl on line 8
2021-06-16 20:37:11 - СДЭК: вес заказа 10001
2021-06-16 20:37:12 - СДЭК WARNING: не найден регион Moscow
2021-06-16 20:37:12 - СДЭК INFO: город (покупатель): москва
2021-06-16 20:37:12 - СДЭК INFO: регион (покупатель): Moscow
2021-06-16 20:37:12 - СДЭК INFO: город (определен): Москва, Москва
2021-06-16 20:37:12 - СДЭК: объем 0
2021-06-16 20:37:12 - СДЭК: не удалось рассчитать объем, возможно не заданы размеры товара или не установлено значение по умолчанию в настройках модуля!
2021-06-16 20:37:26 - СДЭК: вес заказа 10001
2021-06-16 20:37:27 - СДЭК WARNING: не найден регион Moscow
2021-06-16 20:37:27 - СДЭК INFO: город (покупатель): москва
2021-06-16 20:37:27 - СДЭК INFO: регион (покупатель): Moscow
2021-06-16 20:37:27 - СДЭК INFO: город (определен): Москва, Москва
2021-06-16 20:37:27 - СДЭК: объем 0
2021-06-16 20:37:27 - СДЭК: не удалось рассчитать объем, возможно не заданы размеры товара или не установлено значение по умолчанию в настройках модуля!
2021-06-16 20:37:42 - СДЭК: вес заказа 10001
2021-06-16 20:37:43 - СДЭК WARNING: не найден регион Moscow
2021-06-16 20:37:43 - СДЭК INFO: город (покупатель): москва
2021-06-16 20:37:43 - СДЭК INFO: регион (покупатель): Moscow
2021-06-16 20:37:43 - СДЭК INFO: город (определен): Москва, Москва
2021-06-16 20:37:43 - СДЭК: объем 0
2021-06-16 20:37:43 - СДЭК: не удалось рассчитать объем, возможно не заданы размеры товара или не установлено значение по умолчанию в настройках модуля!
2021-06-16 20:48:36 - PHP Notice:  Undefined index: region in /var/www/egorov/data/www/opencart-2-3-0-0.egorov.t-leader.ru/admin/controller/extension/module/cdek_integrator.php on line 4204
2021-06-16 20:48:36 - PHP Notice:  Undefined index: region in /var/www/egorov/data/www/opencart-2-3-0-0.egorov.t-leader.ru/admin/controller/extension/module/cdek_integrator.php on line 4204
2021-06-16 20:48:36 - PHP Notice:  Undefined index: region in /var/www/egorov/data/www/opencart-2-3-0-0.egorov.t-leader.ru/admin/controller/extension/module/cdek_integrator.php on line 4204
2021-06-16 20:48:36 - PHP Notice:  Undefined index: region in /var/www/egorov/data/www/opencart-2-3-0-0.egorov.t-leader.ru/admin/controller/extension/module/cdek_integrator.php on line 4204
2021-06-16 20:48:36 - PHP Notice:  Undefined index: region in /var/www/egorov/data/www/opencart-2-3-0-0.egorov.t-leader.ru/admin/controller/extension/module/cdek_integrator.php on line 4204
2021-06-16 20:48:36 - PHP Notice:  Undefined index: region in /var/www/egorov/data/www/opencart-2-3-0-0.egorov.t-leader.ru/admin/controller/extension/module/cdek_integrator.php on line 4204
2021-06-16 20:48:36 - PHP Notice:  Undefined index: region in /var/www/egorov/data/www/opencart-2-3-0-0.egorov.t-leader.ru/admin/controller/extension/module/cdek_integrator.php on line 4204
2021-06-16 20:48:36 - PHP Notice:  Undefined index: region in /var/www/egorov/data/www/opencart-2-3-0-0.egorov.t-leader.ru/admin/controller/extension/module/cdek_integrator.php on line 4204
2021-06-16 20:48:36 - PHP Notice:  Undefined index: region in /var/www/egorov/data/www/opencart-2-3-0-0.egorov.t-leader.ru/admin/controller/extension/module/cdek_integrator.php on line 4204
2021-06-16 20:48:36 - PHP Notice:  Undefined index: region in /var/www/egorov/data/www/opencart-2-3-0-0.egorov.t-leader.ru/admin/controller/extension/module/cdek_integrator.php on line 4204
2021-06-16 20:48:36 - PHP Notice:  Undefined index: region in /var/www/egorov/data/www/opencart-2-3-0-0.egorov.t-leader.ru/admin/controller/extension/module/cdek_integrator.php on line 4204
2021-06-16 20:48:36 - PHP Notice:  Undefined index: region in /var/www/egorov/data/www/opencart-2-3-0-0.egorov.t-leader.ru/admin/controller/extension/module/cdek_integrator.php on line 4204
2021-06-16 20:48:36 - PHP Notice:  Undefined index: region in /var/www/egorov/data/www/opencart-2-3-0-0.egorov.t-leader.ru/admin/controller/extension/module/cdek_integrator.php on line 4204
2021-06-16 20:48:36 - PHP Notice:  Undefined index: region in /var/www/egorov/data/www/opencart-2-3-0-0.egorov.t-leader.ru/admin/controller/extension/module/cdek_integrator.php on line 4204
2021-06-16 20:48:36 - PHP Notice:  Undefined index: region in /var/www/egorov/data/www/opencart-2-3-0-0.egorov.t-leader.ru/admin/controller/extension/module/cdek_integrator.php on line 4204
2021-06-16 20:48:36 - PHP Notice:  Undefined index: region in /var/www/egorov/data/www/opencart-2-3-0-0.egorov.t-leader.ru/admin/controller/extension/module/cdek_integrator.php on line 4204
2021-06-16 20:48:36 - PHP Notice:  Undefined index: region in /var/www/egorov/data/www/opencart-2-3-0-0.egorov.t-leader.ru/admin/controller/extension/module/cdek_integrator.php on line 4204
2021-06-16 20:48:36 - PHP Notice:  Undefined index: region in /var/www/egorov/data/www/opencart-2-3-0-0.egorov.t-leader.ru/admin/controller/extension/module/cdek_integrator.php on line 4204
2021-06-16 20:48:36 - PHP Notice:  Undefined index: region in /var/www/egorov/data/www/opencart-2-3-0-0.egorov.t-leader.ru/admin/controller/extension/module/cdek_integrator.php on line 4204
2021-06-16 20:48:36 - PHP Notice:  Undefined index: region in /var/www/egorov/data/www/opencart-2-3-0-0.egorov.t-leader.ru/admin/controller/extension/module/cdek_integrator.php on line 4204
2021-06-16 20:48:37 - PHP Notice:  Undefined index: region in /var/www/egorov/data/www/opencart-2-3-0-0.egorov.t-leader.ru/admin/controller/extension/module/cdek_integrator.php on line 4204
2021-06-16 20:48:37 - PHP Notice:  Undefined index: region in /var/www/egorov/data/www/opencart-2-3-0-0.egorov.t-leader.ru/admin/controller/extension/module/cdek_integrator.php on line 4204
2021-06-16 20:48:37 - PHP Notice:  Undefined index: region in /var/www/egorov/data/www/opencart-2-3-0-0.egorov.t-leader.ru/admin/controller/extension/module/cdek_integrator.php on line 4204
2021-06-16 20:48:37 - PHP Notice:  Undefined index: region in /var/www/egorov/data/www/opencart-2-3-0-0.egorov.t-leader.ru/admin/controller/extension/module/cdek_integrator.php on line 4204
2021-06-16 20:48:37 - PHP Notice:  Undefined index: region in /var/www/egorov/data/www/opencart-2-3-0-0.egorov.t-leader.ru/admin/controller/extension/module/cdek_integrator.php on line 4204
2021-06-16 20:48:37 - PHP Notice:  Undefined index: region in /var/www/egorov/data/www/opencart-2-3-0-0.egorov.t-leader.ru/admin/controller/extension/module/cdek_integrator.php on line 4204
2021-06-16 20:48:37 - PHP Notice:  Undefined index: region in /var/www/egorov/data/www/opencart-2-3-0-0.egorov.t-leader.ru/admin/controller/extension/module/cdek_integrator.php on line 4204
2021-06-16 20:48:37 - PHP Notice:  Undefined index: region in /var/www/egorov/data/www/opencart-2-3-0-0.egorov.t-leader.ru/admin/controller/extension/module/cdek_integrator.php on line 4204
2021-06-16 20:48:37 - PHP Notice:  Undefined index: region in /var/www/egorov/data/www/opencart-2-3-0-0.egorov.t-leader.ru/admin/controller/extension/module/cdek_integrator.php on line 4204
2021-06-16 20:48:37 - PHP Notice:  Undefined index: region in /var/www/egorov/data/www/opencart-2-3-0-0.egorov.t-leader.ru/admin/controller/extension/module/cdek_integrator.php on line 4204
2021-06-16 20:48:37 - PHP Notice:  Undefined index: region in /var/www/egorov/data/www/opencart-2-3-0-0.egorov.t-leader.ru/admin/controller/extension/module/cdek_integrator.php on line 4204
2021-06-16 20:48:37 - PHP Notice:  Undefined index: region in /var/www/egorov/data/www/opencart-2-3-0-0.egorov.t-leader.ru/admin/controller/extension/module/cdek_integrator.php on line 4204
2021-06-16 20:48:37 - PHP Notice:  Undefined index: region in /var/www/egorov/data/www/opencart-2-3-0-0.egorov.t-leader.ru/admin/controller/extension/module/cdek_integrator.php on line 4204
2021-06-16 20:48:37 - PHP Notice:  Undefined index: region in /var/www/egorov/data/www/opencart-2-3-0-0.egorov.t-leader.ru/admin/controller/extension/module/cdek_integrator.php on line 4204
2021-06-16 20:48:37 - PHP Notice:  Undefined index: region in /var/www/egorov/data/www/opencart-2-3-0-0.egorov.t-leader.ru/admin/controller/extension/module/cdek_integrator.php on line 4204
2021-06-16 20:48:37 - PHP Notice:  Undefined index: region in /var/www/egorov/data/www/opencart-2-3-0-0.egorov.t-leader.ru/admin/controller/extension/module/cdek_integrator.php on line 4204
2021-06-16 20:48:37 - PHP Notice:  Undefined index: region in /var/www/egorov/data/www/opencart-2-3-0-0.egorov.t-leader.ru/admin/controller/extension/module/cdek_integrator.php on line 4204
2021-06-16 20:48:37 - PHP Notice:  Undefined index: region in /var/www/egorov/data/www/opencart-2-3-0-0.egorov.t-leader.ru/admin/controller/extension/module/cdek_integrator.php on line 4204
2021-06-16 20:48:37 - PHP Notice:  Undefined index: region in /var/www/egorov/data/www/opencart-2-3-0-0.egorov.t-leader.ru/admin/controller/extension/module/cdek_integrator.php on line 4204
2021-06-16 20:48:37 - PHP Notice:  Undefined index: region in /var/www/egorov/data/www/opencart-2-3-0-0.egorov.t-leader.ru/admin/controller/extension/module/cdek_integrator.php on line 4204
2021-06-16 20:48:37 - PHP Notice:  Undefined index: region in /var/www/egorov/data/www/opencart-2-3-0-0.egorov.t-leader.ru/admin/controller/extension/module/cdek_integrator.php on line 4204
2021-06-16 20:48:37 - PHP Notice:  Undefined index: region in /var/www/egorov/data/www/opencart-2-3-0-0.egorov.t-leader.ru/admin/controller/extension/module/cdek_integrator.php on line 4204
2021-06-16 20:48:37 - PHP Notice:  Undefined index: region in /var/www/egorov/data/www/opencart-2-3-0-0.egorov.t-leader.ru/admin/controller/extension/module/cdek_integrator.php on line 4204
2021-06-16 20:48:37 - PHP Notice:  Undefined index: region in /var/www/egorov/data/www/opencart-2-3-0-0.egorov.t-leader.ru/admin/controller/extension/module/cdek_integrator.php on line 4204
2021-06-16 20:48:37 - PHP Notice:  Undefined index: region in /var/www/egorov/data/www/opencart-2-3-0-0.egorov.t-leader.ru/admin/controller/extension/module/cdek_integrator.php on line 4204
2021-06-16 20:48:37 - PHP Notice:  Undefined index: region in /var/www/egorov/data/www/opencart-2-3-0-0.egorov.t-leader.ru/admin/controller/extension/module/cdek_integrator.php on line 4204
2021-06-16 20:48:37 - PHP Notice:  Undefined index: region in /var/www/egorov/data/www/opencart-2-3-0-0.egorov.t-leader.ru/admin/controller/extension/module/cdek_integrator.php on line 4204
2021-06-16 20:48:37 - PHP Notice:  Undefined index: region in /var/www/egorov/data/www/opencart-2-3-0-0.egorov.t-leader.ru/admin/controller/extension/module/cdek_integrator.php on line 4204
2021-06-16 20:48:37 - PHP Notice:  Undefined index: region in /var/www/egorov/data/www/opencart-2-3-0-0.egorov.t-leader.ru/admin/controller/extension/module/cdek_integrator.php on line 4204
2021-06-16 20:48:37 - PHP Notice:  Undefined index: region in /var/www/egorov/data/www/opencart-2-3-0-0.egorov.t-leader.ru/admin/controller/extension/module/cdek_integrator.php on line 4204
2021-06-16 20:48:37 - PHP Notice:  Undefined index: region in /var/www/egorov/data/www/opencart-2-3-0-0.egorov.t-leader.ru/admin/controller/extension/module/cdek_integrator.php on line 4204
2021-06-16 20:48:37 - PHP Notice:  Undefined index: region in /var/www/egorov/data/www/opencart-2-3-0-0.egorov.t-leader.ru/admin/controller/extension/module/cdek_integrator.php on line 4204
2021-06-16 20:48:37 - PHP Notice:  Undefined index: region in /var/www/egorov/data/www/opencart-2-3-0-0.egorov.t-leader.ru/admin/controller/extension/module/cdek_integrator.php on line 4204
2021-06-16 20:48:37 - PHP Notice:  Undefined index: region in /var/www/egorov/data/www/opencart-2-3-0-0.egorov.t-leader.ru/admin/controller/extension/module/cdek_integrator.php on line 4204
2021-06-16 20:48:37 - PHP Notice:  Undefined index: region in /var/www/egorov/data/www/opencart-2-3-0-0.egorov.t-leader.ru/admin/controller/extension/module/cdek_integrator.php on line 4204
2021-06-16 20:48:37 - PHP Notice:  Undefined index: region in /var/www/egorov/data/www/opencart-2-3-0-0.egorov.t-leader.ru/admin/controller/extension/module/cdek_integrator.php on line 4204
2021-06-16 20:48:37 - PHP Notice:  Undefined index: region in /var/www/egorov/data/www/opencart-2-3-0-0.egorov.t-leader.ru/admin/controller/extension/module/cdek_integrator.php on line 4204
2021-06-16 20:48:37 - PHP Notice:  Undefined index: region in /var/www/egorov/data/www/opencart-2-3-0-0.egorov.t-leader.ru/admin/controller/extension/module/cdek_integrator.php on line 4204
2021-06-16 20:48:37 - PHP Notice:  Undefined index: region in /var/www/egorov/data/www/opencart-2-3-0-0.egorov.t-leader.ru/admin/controller/extension/module/cdek_integrator.php on line 4204
2021-06-16 20:48:37 - PHP Notice:  Undefined index: region in /var/www/egorov/data/www/opencart-2-3-0-0.egorov.t-leader.ru/admin/controller/extension/module/cdek_integrator.php on line 4204
2021-06-16 20:48:37 - PHP Notice:  Undefined index: region in /var/www/egorov/data/www/opencart-2-3-0-0.egorov.t-leader.ru/admin/controller/extension/module/cdek_integrator.php on line 4204
2021-06-16 20:48:37 - PHP Notice:  Undefined index: region in /var/www/egorov/data/www/opencart-2-3-0-0.egorov.t-leader.ru/admin/controller/extension/module/cdek_integrator.php on line 4204
2021-06-16 20:48:37 - PHP Notice:  Undefined index: region in /var/www/egorov/data/www/opencart-2-3-0-0.egorov.t-leader.ru/admin/controller/extension/module/cdek_integrator.php on line 4204
2021-06-16 20:48:38 - PHP Notice:  Undefined index: region in /var/www/egorov/data/www/opencart-2-3-0-0.egorov.t-leader.ru/admin/controller/extension/module/cdek_integrator.php on line 4204
2021-06-16 20:48:38 - PHP Notice:  Undefined index: region in /var/www/egorov/data/www/opencart-2-3-0-0.egorov.t-leader.ru/admin/controller/extension/module/cdek_integrator.php on line 4204
2021-06-16 20:48:38 - PHP Notice:  Undefined index: region in /var/www/egorov/data/www/opencart-2-3-0-0.egorov.t-leader.ru/admin/controller/extension/module/cdek_integrator.php on line 4204
2021-06-16 20:48:38 - PHP Notice:  Undefined index: region in /var/www/egorov/data/www/opencart-2-3-0-0.egorov.t-leader.ru/admin/controller/extension/module/cdek_integrator.php on line 4204
2021-06-16 20:48:38 - PHP Notice:  Undefined index: region in /var/www/egorov/data/www/opencart-2-3-0-0.egorov.t-leader.ru/admin/controller/extension/module/cdek_integrator.php on line 4204
2021-06-16 20:48:38 - PHP Notice:  Undefined index: region in /var/www/egorov/data/www/opencart-2-3-0-0.egorov.t-leader.ru/admin/controller/extension/module/cdek_integrator.php on line 4204
2021-06-16 20:48:38 - PHP Notice:  Undefined index: region in /var/www/egorov/data/www/opencart-2-3-0-0.egorov.t-leader.ru/admin/controller/extension/module/cdek_integrator.php on line 4204
2021-06-16 20:48:38 - PHP Notice:  Undefined index: region in /var/www/egorov/data/www/opencart-2-3-0-0.egorov.t-leader.ru/admin/controller/extension/module/cdek_integrator.php on line 4204
2021-06-16 20:48:38 - PHP Notice:  Undefined index: region in /var/www/egorov/data/www/opencart-2-3-0-0.egorov.t-leader.ru/admin/controller/extension/module/cdek_integrator.php on line 4204
2021-06-16 20:48:38 - PHP Notice:  Undefined index: region in /var/www/egorov/data/www/opencart-2-3-0-0.egorov.t-leader.ru/admin/controller/extension/module/cdek_integrator.php on line 4204
2021-06-16 20:48:38 - PHP Notice:  Undefined index: region in /var/www/egorov/data/www/opencart-2-3-0-0.egorov.t-leader.ru/admin/controller/extension/module/cdek_integrator.php on line 4204
2021-06-16 20:48:38 - PHP Notice:  Undefined index: region in /var/www/egorov/data/www/opencart-2-3-0-0.egorov.t-leader.ru/admin/controller/extension/module/cdek_integrator.php on line 4204
2021-06-16 20:48:38 - PHP Notice:  Undefined index: region in /var/www/egorov/data/www/opencart-2-3-0-0.egorov.t-leader.ru/admin/controller/extension/module/cdek_integrator.php on line 4204
2021-06-16 20:48:38 - PHP Notice:  Undefined index: region in /var/www/egorov/data/www/opencart-2-3-0-0.egorov.t-leader.ru/admin/controller/extension/module/cdek_integrator.php on line 4204
2021-06-16 20:48:38 - PHP Notice:  Undefined index: region in /var/www/egorov/data/www/opencart-2-3-0-0.egorov.t-leader.ru/admin/controller/extension/module/cdek_integrator.php on line 4204
2021-06-16 20:48:38 - PHP Notice:  Undefined index: region in /var/www/egorov/data/www/opencart-2-3-0-0.egorov.t-leader.ru/admin/controller/extension/module/cdek_integrator.php on line 4204
2021-06-16 20:48:38 - PHP Notice:  Undefined index: region in /var/www/egorov/data/www/opencart-2-3-0-0.egorov.t-leader.ru/admin/controller/extension/module/cdek_integrator.php on line 4204
2021-06-16 20:48:38 - PHP Notice:  Undefined index: region in /var/www/egorov/data/www/opencart-2-3-0-0.egorov.t-leader.ru/admin/controller/extension/module/cdek_integrator.php on line 4204
2021-06-16 20:48:38 - PHP Notice:  Undefined index: region in /var/www/egorov/data/www/opencart-2-3-0-0.egorov.t-leader.ru/admin/controller/extension/module/cdek_integrator.php on line 4204
2021-06-16 20:48:38 - PHP Notice:  Undefined index: region in /var/www/egorov/data/www/opencart-2-3-0-0.egorov.t-leader.ru/admin/controller/extension/module/cdek_integrator.php on line 4204
2021-06-16 20:48:38 - PHP Notice:  Undefined index: region in /var/www/egorov/data/www/opencart-2-3-0-0.egorov.t-leader.ru/admin/controller/extension/module/cdek_integrator.php on line 4204
2021-06-16 20:48:38 - PHP Notice:  Undefined index: region in /var/www/egorov/data/www/opencart-2-3-0-0.egorov.t-leader.ru/admin/controller/extension/module/cdek_integrator.php on line 4204
2021-06-16 20:48:38 - PHP Notice:  Undefined index: region in /var/www/egorov/data/www/opencart-2-3-0-0.egorov.t-leader.ru/admin/controller/extension/module/cdek_integrator.php on line 4204
2021-06-16 20:48:38 - PHP Notice:  Undefined index: region in /var/www/egorov/data/www/opencart-2-3-0-0.egorov.t-leader.ru/admin/controller/extension/module/cdek_integrator.php on line 4204
2021-06-16 20:48:38 - PHP Notice:  Undefined index: region in /var/www/egorov/data/www/opencart-2-3-0-0.egorov.t-leader.ru/admin/controller/extension/module/cdek_integrator.php on line 4204
2021-06-16 20:48:38 - PHP Notice:  Undefined index: region in /var/www/egorov/data/www/opencart-2-3-0-0.egorov.t-leader.ru/admin/controller/extension/module/cdek_integrator.php on line 4204
2021-06-16 20:48:38 - PHP Notice:  Undefined index: region in /var/www/egorov/data/www/opencart-2-3-0-0.egorov.t-leader.ru/admin/controller/extension/module/cdek_integrator.php on line 4204
2021-06-16 20:48:38 - PHP Notice:  Undefined index: region in /var/www/egorov/data/www/opencart-2-3-0-0.egorov.t-leader.ru/admin/controller/extension/module/cdek_integrator.php on line 4204
2021-06-16 20:48:38 - PHP Notice:  Undefined index: region in /var/www/egorov/data/www/opencart-2-3-0-0.egorov.t-leader.ru/admin/controller/extension/module/cdek_integrator.php on line 4204
2021-06-16 20:48:38 - PHP Notice:  Undefined index: region in /var/www/egorov/data/www/opencart-2-3-0-0.egorov.t-leader.ru/admin/controller/extension/module/cdek_integrator.php on line 4204
2021-06-16 20:48:38 - PHP Notice:  Undefined index: region in /var/www/egorov/data/www/opencart-2-3-0-0.egorov.t-leader.ru/admin/controller/extension/module/cdek_integrator.php on line 4204
2021-06-16 20:48:38 - PHP Notice:  Undefined index: region in /var/www/egorov/data/www/opencart-2-3-0-0.egorov.t-leader.ru/admin/controller/extension/module/cdek_integrator.php on line 4204
2021-06-16 20:48:38 - PHP Notice:  Undefined index: region in /var/www/egorov/data/www/opencart-2-3-0-0.egorov.t-leader.ru/admin/controller/extension/module/cdek_integrator.php on line 4204
2021-06-16 20:48:38 - PHP Notice:  Undefined index: region in /var/www/egorov/data/www/opencart-2-3-0-0.egorov.t-leader.ru/admin/controller/extension/module/cdek_integrator.php on line 4204
2021-06-16 20:48:38 - PHP Notice:  Undefined index: region in /var/www/egorov/data/www/opencart-2-3-0-0.egorov.t-leader.ru/admin/controller/extension/module/cdek_integrator.php on line 4204
2021-06-16 20:48:38 - PHP Notice:  Undefined index: region in /var/www/egorov/data/www/opencart-2-3-0-0.egorov.t-leader.ru/admin/controller/extension/module/cdek_integrator.php on line 4204
2021-06-16 20:48:38 - PHP Notice:  Undefined index: region in /var/www/egorov/data/www/opencart-2-3-0-0.egorov.t-leader.ru/admin/controller/extension/module/cdek_integrator.php on line 4204
2021-06-16 20:48:39 - PHP Notice:  Undefined index: region in /var/www/egorov/data/www/opencart-2-3-0-0.egorov.t-leader.ru/admin/controller/extension/module/cdek_integrator.php on line 4204
2021-06-16 20:48:39 - PHP Notice:  Undefined index: region in /var/www/egorov/data/www/opencart-2-3-0-0.egorov.t-leader.ru/admin/controller/extension/module/cdek_integrator.php on line 4204
2021-06-16 20:48:39 - PHP Notice:  Undefined index: region in /var/www/egorov/data/www/opencart-2-3-0-0.egorov.t-leader.ru/admin/controller/extension/module/cdek_integrator.php on line 4204
2021-06-16 20:48:39 - PHP Notice:  Undefined index: region in /var/www/egorov/data/www/opencart-2-3-0-0.egorov.t-leader.ru/admin/controller/extension/module/cdek_integrator.php on line 4204
2021-06-16 20:48:39 - PHP Notice:  Undefined index: region in /var/www/egorov/data/www/opencart-2-3-0-0.egorov.t-leader.ru/admin/controller/extension/module/cdek_integrator.php on line 4204
2021-06-16 20:48:39 - PHP Notice:  Undefined index: region in /var/www/egorov/data/www/opencart-2-3-0-0.egorov.t-leader.ru/admin/controller/extension/module/cdek_integrator.php on line 4204
2021-06-16 20:48:39 - PHP Notice:  Undefined index: region in /var/www/egorov/data/www/opencart-2-3-0-0.egorov.t-leader.ru/admin/controller/extension/module/cdek_integrator.php on line 4204
2021-06-16 20:48:39 - PHP Notice:  Undefined index: region in /var/www/egorov/data/www/opencart-2-3-0-0.egorov.t-leader.ru/admin/controller/extension/module/cdek_integrator.php on line 4204
2021-06-16 20:48:39 - PHP Notice:  Undefined index: region in /var/www/egorov/data/www/opencart-2-3-0-0.egorov.t-leader.ru/admin/controller/extension/module/cdek_integrator.php on line 4204
2021-06-16 20:48:40 - PHP Notice:  Undefined index: region in /var/www/egorov/data/www/opencart-2-3-0-0.egorov.t-leader.ru/admin/controller/extension/module/cdek_integrator.php on line 4204
2021-06-16 20:48:40 - PHP Notice:  Undefined index: region in /var/www/egorov/data/www/opencart-2-3-0-0.egorov.t-leader.ru/admin/controller/extension/module/cdek_integrator.php on line 4204
2021-06-16 20:48:40 - PHP Notice:  Undefined index: region in /var/www/egorov/data/www/opencart-2-3-0-0.egorov.t-leader.ru/admin/controller/extension/module/cdek_integrator.php on line 4204
2021-06-16 20:48:40 - PHP Notice:  Undefined index: region in /var/www/egorov/data/www/opencart-2-3-0-0.egorov.t-leader.ru/admin/controller/extension/module/cdek_integrator.php on line 4204
2021-06-16 20:48:40 - PHP Notice:  Undefined index: region in /var/www/egorov/data/www/opencart-2-3-0-0.egorov.t-leader.ru/admin/controller/extension/module/cdek_integrator.php on line 4204
2021-06-16 20:48:40 - PHP Notice:  Undefined index: region in /var/www/egorov/data/www/opencart-2-3-0-0.egorov.t-leader.ru/admin/controller/extension/module/cdek_integrator.php on line 4204
2021-06-16 20:48:40 - PHP Notice:  Undefined index: region in /var/www/egorov/data/www/opencart-2-3-0-0.egorov.t-leader.ru/admin/controller/extension/module/cdek_integrator.php on line 4204
2021-06-16 20:48:40 - PHP Notice:  Undefined index: region in /var/www/egorov/data/www/opencart-2-3-0-0.egorov.t-leader.ru/admin/controller/extension/module/cdek_integrator.php on line 4204
2021-06-16 20:48:40 - PHP Notice:  Undefined index: region in /var/www/egorov/data/www/opencart-2-3-0-0.egorov.t-leader.ru/admin/controller/extension/module/cdek_integrator.php on line 4204
2021-06-16 20:48:40 - PHP Notice:  Undefined index: region in /var/www/egorov/data/www/opencart-2-3-0-0.egorov.t-leader.ru/admin/controller/extension/module/cdek_integrator.php on line 4204
2021-06-16 20:48:40 - PHP Notice:  Undefined index: region in /var/www/egorov/data/www/opencart-2-3-0-0.egorov.t-leader.ru/admin/controller/extension/module/cdek_integrator.php on line 4204
2021-06-16 20:48:40 - PHP Notice:  Undefined index: region in /var/www/egorov/data/www/opencart-2-3-0-0.egorov.t-leader.ru/admin/controller/extension/module/cdek_integrator.php on line 4204
2021-06-16 20:48:40 - PHP Notice:  Undefined index: region in /var/www/egorov/data/www/opencart-2-3-0-0.egorov.t-leader.ru/admin/controller/extension/module/cdek_integrator.php on line 4204
2021-06-16 20:48:40 - PHP Notice:  Undefined index: region in /var/www/egorov/data/www/opencart-2-3-0-0.egorov.t-leader.ru/admin/controller/extension/module/cdek_integrator.php on line 4204
2021-06-16 20:48:40 - PHP Notice:  Undefined index: region in /var/www/egorov/data/www/opencart-2-3-0-0.egorov.t-leader.ru/admin/controller/extension/module/cdek_integrator.php on line 4204
2021-06-16 20:48:40 - PHP Notice:  Undefined index: region in /var/www/egorov/data/www/opencart-2-3-0-0.egorov.t-leader.ru/admin/controller/extension/module/cdek_integrator.php on line 4204
2021-06-16 20:48:40 - PHP Notice:  Undefined index: region in /var/www/egorov/data/www/opencart-2-3-0-0.egorov.t-leader.ru/admin/controller/extension/module/cdek_integrator.php on line 4204
2021-06-16 20:48:40 - PHP Notice:  Undefined index: region in /var/www/egorov/data/www/opencart-2-3-0-0.egorov.t-leader.ru/admin/controller/extension/module/cdek_integrator.php on line 4204
2021-06-16 20:48:40 - PHP Notice:  Undefined index: region in /var/www/egorov/data/www/opencart-2-3-0-0.egorov.t-leader.ru/admin/controller/extension/module/cdek_integrator.php on line 4204
2021-06-16 20:48:40 - PHP Notice:  Undefined index: region in /var/www/egorov/data/www/opencart-2-3-0-0.egorov.t-leader.ru/admin/controller/extension/module/cdek_integrator.php on line 4204
2021-06-16 20:48:41 - PHP Notice:  Undefined index: region in /var/www/egorov/data/www/opencart-2-3-0-0.egorov.t-leader.ru/admin/controller/extension/module/cdek_integrator.php on line 4204
2021-06-16 20:48:41 - PHP Notice:  Undefined index: region in /var/www/egorov/data/www/opencart-2-3-0-0.egorov.t-leader.ru/admin/controller/extension/module/cdek_integrator.php on line 4204
2021-06-16 20:48:41 - PHP Notice:  Undefined index: region in /var/www/egorov/data/www/opencart-2-3-0-0.egorov.t-leader.ru/admin/controller/extension/module/cdek_integrator.php on line 4204
2021-06-16 20:48:41 - PHP Notice:  Undefined index: region in /var/www/egorov/data/www/opencart-2-3-0-0.egorov.t-leader.ru/admin/controller/extension/module/cdek_integrator.php on line 4204
2021-06-16 20:48:41 - PHP Notice:  Undefined index: region in /var/www/egorov/data/www/opencart-2-3-0-0.egorov.t-leader.ru/admin/controller/extension/module/cdek_integrator.php on line 4204
2021-06-16 20:48:41 - PHP Notice:  Undefined index: region in /var/www/egorov/data/www/opencart-2-3-0-0.egorov.t-leader.ru/admin/controller/extension/module/cdek_integrator.php on line 4204
2021-06-16 20:48:41 - PHP Notice:  Undefined index: region in /var/www/egorov/data/www/opencart-2-3-0-0.egorov.t-leader.ru/admin/controller/extension/module/cdek_integrator.php on line 4204
2021-06-16 20:48:41 - PHP Notice:  Undefined index: region in /var/www/egorov/data/www/opencart-2-3-0-0.egorov.t-leader.ru/admin/controller/extension/module/cdek_integrator.php on line 4204
2021-06-16 20:48:41 - PHP Notice:  Undefined index: region in /var/www/egorov/data/www/opencart-2-3-0-0.egorov.t-leader.ru/admin/controller/extension/module/cdek_integrator.php on line 4204
2021-06-16 20:48:41 - PHP Notice:  Undefined index: region in /var/www/egorov/data/www/opencart-2-3-0-0.egorov.t-leader.ru/admin/controller/extension/module/cdek_integrator.php on line 4204
2021-06-16 20:48:41 - PHP Notice:  Undefined index: region in /var/www/egorov/data/www/opencart-2-3-0-0.egorov.t-leader.ru/admin/controller/extension/module/cdek_integrator.php on line 4204
2021-06-16 20:48:41 - PHP Notice:  Undefined index: region in /var/www/egorov/data/www/opencart-2-3-0-0.egorov.t-leader.ru/admin/controller/extension/module/cdek_integrator.php on line 4204
2021-06-16 20:48:41 - PHP Notice:  Undefined index: region in /var/www/egorov/data/www/opencart-2-3-0-0.egorov.t-leader.ru/admin/controller/extension/module/cdek_integrator.php on line 4204
2021-06-16 20:48:41 - PHP Notice:  Undefined index: region in /var/www/egorov/data/www/opencart-2-3-0-0.egorov.t-leader.ru/admin/controller/extension/module/cdek_integrator.php on line 4204
2021-06-16 20:48:41 - PHP Notice:  Undefined index: region in /var/www/egorov/data/www/opencart-2-3-0-0.egorov.t-leader.ru/admin/controller/extension/module/cdek_integrator.php on line 4204
2021-06-16 20:48:41 - PHP Notice:  Undefined index: region in /var/www/egorov/data/www/opencart-2-3-0-0.egorov.t-leader.ru/admin/controller/extension/module/cdek_integrator.php on line 4204
2021-06-16 20:48:41 - PHP Notice:  Undefined index: region in /var/www/egorov/data/www/opencart-2-3-0-0.egorov.t-leader.ru/admin/controller/extension/module/cdek_integrator.php on line 4204
2021-06-16 20:48:41 - PHP Notice:  Undefined index: region in /var/www/egorov/data/www/opencart-2-3-0-0.egorov.t-leader.ru/admin/controller/extension/module/cdek_integrator.php on line 4204
2021-06-16 20:48:41 - PHP Notice:  Undefined index: region in /var/www/egorov/data/www/opencart-2-3-0-0.egorov.t-leader.ru/admin/controller/extension/module/cdek_integrator.php on line 4204
2021-06-16 20:48:41 - PHP Notice:  Undefined index: region in /var/www/egorov/data/www/opencart-2-3-0-0.egorov.t-leader.ru/admin/controller/extension/module/cdek_integrator.php on line 4204
2021-06-16 20:48:42 - PHP Notice:  Undefined index: region in /var/www/egorov/data/www/opencart-2-3-0-0.egorov.t-leader.ru/admin/controller/extension/module/cdek_integrator.php on line 4204
2021-06-16 20:48:42 - PHP Notice:  Undefined index: region in /var/www/egorov/data/www/opencart-2-3-0-0.egorov.t-leader.ru/admin/controller/extension/module/cdek_integrator.php on line 4204
2021-06-16 20:48:42 - PHP Notice:  Undefined index: region in /var/www/egorov/data/www/opencart-2-3-0-0.egorov.t-leader.ru/admin/controller/extension/module/cdek_integrator.php on line 4204
2021-06-16 20:48:42 - PHP Notice:  Undefined index: region in /var/www/egorov/data/www/opencart-2-3-0-0.egorov.t-leader.ru/admin/controller/extension/module/cdek_integrator.php on line 4204
2021-06-16 20:48:42 - PHP Notice:  Undefined index: region in /var/www/egorov/data/www/opencart-2-3-0-0.egorov.t-leader.ru/admin/controller/extension/module/cdek_integrator.php on line 4204
2021-06-16 20:48:42 - PHP Notice:  Undefined index: region in /var/www/egorov/data/www/opencart-2-3-0-0.egorov.t-leader.ru/admin/controller/extension/module/cdek_integrator.php on line 4204
2021-06-16 20:48:42 - PHP Notice:  Undefined index: region in /var/www/egorov/data/www/opencart-2-3-0-0.egorov.t-leader.ru/admin/controller/extension/module/cdek_integrator.php on line 4204
2021-06-16 20:48:43 - PHP Notice:  Undefined index: region in /var/www/egorov/data/www/opencart-2-3-0-0.egorov.t-leader.ru/admin/controller/extension/module/cdek_integrator.php on line 4204
2021-06-16 20:48:43 - PHP Notice:  Undefined index: region in /var/www/egorov/data/www/opencart-2-3-0-0.egorov.t-leader.ru/admin/controller/extension/module/cdek_integrator.php on line 4204
2021-06-16 20:48:43 - PHP Notice:  Undefined index: region in /var/www/egorov/data/www/opencart-2-3-0-0.egorov.t-leader.ru/admin/controller/extension/module/cdek_integrator.php on line 4204
2021-06-16 20:48:43 - PHP Notice:  Undefined index: region in /var/www/egorov/data/www/opencart-2-3-0-0.egorov.t-leader.ru/admin/controller/extension/module/cdek_integrator.php on line 4204
2021-06-16 20:48:43 - PHP Notice:  Undefined index: region in /var/www/egorov/data/www/opencart-2-3-0-0.egorov.t-leader.ru/admin/controller/extension/module/cdek_integrator.php on line 4204
2021-06-16 20:48:43 - PHP Notice:  Undefined index: region in /var/www/egorov/data/www/opencart-2-3-0-0.egorov.t-leader.ru/admin/controller/extension/module/cdek_integrator.php on line 4204
2021-06-16 20:48:43 - PHP Notice:  Undefined index: region in /var/www/egorov/data/www/opencart-2-3-0-0.egorov.t-leader.ru/admin/controller/extension/module/cdek_integrator.php on line 4204
2021-06-16 20:48:43 - PHP Notice:  Undefined index: region in /var/www/egorov/data/www/opencart-2-3-0-0.egorov.t-leader.ru/admin/controller/extension/module/cdek_integrator.php on line 4204
2021-06-16 20:48:44 - PHP Notice:  Undefined index: region in /var/www/egorov/data/www/opencart-2-3-0-0.egorov.t-leader.ru/admin/controller/extension/module/cdek_integrator.php on line 4204
2021-06-16 20:48:44 - PHP Notice:  Undefined index: region in /var/www/egorov/data/www/opencart-2-3-0-0.egorov.t-leader.ru/admin/controller/extension/module/cdek_integrator.php on line 4204
2021-06-16 20:48:44 - PHP Notice:  Undefined index: region in /var/www/egorov/data/www/opencart-2-3-0-0.egorov.t-leader.ru/admin/controller/extension/module/cdek_integrator.php on line 4204
2021-06-16 20:48:44 - PHP Notice:  Undefined index: region in /var/www/egorov/data/www/opencart-2-3-0-0.egorov.t-leader.ru/admin/controller/extension/module/cdek_integrator.php on line 4204
2021-06-16 20:48:44 - PHP Notice:  Undefined index: region in /var/www/egorov/data/www/opencart-2-3-0-0.egorov.t-leader.ru/admin/controller/extension/module/cdek_integrator.php on line 4204
2021-06-16 20:48:44 - PHP Notice:  Undefined index: region in /var/www/egorov/data/www/opencart-2-3-0-0.egorov.t-leader.ru/admin/controller/extension/module/cdek_integrator.php on line 4204
2021-06-16 20:48:44 - PHP Notice:  Undefined index: region in /var/www/egorov/data/www/opencart-2-3-0-0.egorov.t-leader.ru/admin/controller/extension/module/cdek_integrator.php on line 4204
2021-06-16 20:48:44 - PHP Notice:  Undefined index: region in /var/www/egorov/data/www/opencart-2-3-0-0.egorov.t-leader.ru/admin/controller/extension/module/cdek_integrator.php on line 4204
2021-06-16 20:48:45 - PHP Notice:  Undefined index: region in /var/www/egorov/data/www/opencart-2-3-0-0.egorov.t-leader.ru/admin/controller/extension/module/cdek_integrator.php on line 4204
2021-06-16 20:48:45 - PHP Notice:  Undefined index: region in /var/www/egorov/data/www/opencart-2-3-0-0.egorov.t-leader.ru/admin/controller/extension/module/cdek_integrator.php on line 4204
2021-06-16 20:48:45 - PHP Notice:  Undefined index: region in /var/www/egorov/data/www/opencart-2-3-0-0.egorov.t-leader.ru/admin/controller/extension/module/cdek_integrator.php on line 4204
2021-06-16 20:48:45 - PHP Notice:  Undefined index: region in /var/www/egorov/data/www/opencart-2-3-0-0.egorov.t-leader.ru/admin/controller/extension/module/cdek_integrator.php on line 4204
2021-06-16 20:48:45 - PHP Notice:  Undefined index: region in /var/www/egorov/data/www/opencart-2-3-0-0.egorov.t-leader.ru/admin/controller/extension/module/cdek_integrator.php on line 4204
2021-06-16 20:48:45 - PHP Notice:  Undefined index: region in /var/www/egorov/data/www/opencart-2-3-0-0.egorov.t-leader.ru/admin/controller/extension/module/cdek_integrator.php on line 4204
2021-06-16 20:48:45 - PHP Notice:  Undefined index: region in /var/www/egorov/data/www/opencart-2-3-0-0.egorov.t-leader.ru/admin/controller/extension/module/cdek_integrator.php on line 4204
2021-06-16 20:48:45 - PHP Notice:  Undefined index: region in /var/www/egorov/data/www/opencart-2-3-0-0.egorov.t-leader.ru/admin/controller/extension/module/cdek_integrator.php on line 4204
2021-06-16 20:48:45 - PHP Notice:  Undefined index: region in /var/www/egorov/data/www/opencart-2-3-0-0.egorov.t-leader.ru/admin/controller/extension/module/cdek_integrator.php on line 4204
2021-06-16 20:48:46 - PHP Notice:  Undefined index: region in /var/www/egorov/data/www/opencart-2-3-0-0.egorov.t-leader.ru/admin/controller/extension/module/cdek_integrator.php on line 4204
2021-06-16 20:48:46 - PHP Notice:  Undefined index: region in /var/www/egorov/data/www/opencart-2-3-0-0.egorov.t-leader.ru/admin/controller/extension/module/cdek_integrator.php on line 4204
2021-06-16 20:48:46 - PHP Notice:  Undefined index: region in /var/www/egorov/data/www/opencart-2-3-0-0.egorov.t-leader.ru/admin/controller/extension/module/cdek_integrator.php on line 4204
2021-06-16 20:48:46 - PHP Notice:  Undefined index: region in /var/www/egorov/data/www/opencart-2-3-0-0.egorov.t-leader.ru/admin/controller/extension/module/cdek_integrator.php on line 4204
2021-06-16 20:48:46 - PHP Notice:  Undefined index: region in /var/www/egorov/data/www/opencart-2-3-0-0.egorov.t-leader.ru/admin/controller/extension/module/cdek_integrator.php on line 4204
2021-06-16 20:48:47 - PHP Notice:  Undefined index: region in /var/www/egorov/data/www/opencart-2-3-0-0.egorov.t-leader.ru/admin/controller/extension/module/cdek_integrator.php on line 4204
2021-06-16 20:48:47 - PHP Notice:  Undefined index: region in /var/www/egorov/data/www/opencart-2-3-0-0.egorov.t-leader.ru/admin/controller/extension/module/cdek_integrator.php on line 4204
2021-06-16 20:48:47 - PHP Notice:  Undefined index: region in /var/www/egorov/data/www/opencart-2-3-0-0.egorov.t-leader.ru/admin/controller/extension/module/cdek_integrator.php on line 4204
2021-06-16 20:48:47 - PHP Notice:  Undefined index: region in /var/www/egorov/data/www/opencart-2-3-0-0.egorov.t-leader.ru/admin/controller/extension/module/cdek_integrator.php on line 4204
2021-06-16 20:48:48 - PHP Notice:  Undefined index: region in /var/www/egorov/data/www/opencart-2-3-0-0.egorov.t-leader.ru/admin/controller/extension/module/cdek_integrator.php on line 4204
2021-06-16 20:48:48 - PHP Notice:  Undefined index: region in /var/www/egorov/data/www/opencart-2-3-0-0.egorov.t-leader.ru/admin/controller/extension/module/cdek_integrator.php on line 4204
2021-06-16 20:48:48 - PHP Notice:  Undefined index: region in /var/www/egorov/data/www/opencart-2-3-0-0.egorov.t-leader.ru/admin/controller/extension/module/cdek_integrator.php on line 4204
2021-06-16 20:48:48 - PHP Notice:  Undefined index: region in /var/www/egorov/data/www/opencart-2-3-0-0.egorov.t-leader.ru/admin/controller/extension/module/cdek_integrator.php on line 4204
2021-06-16 20:48:48 - PHP Notice:  Undefined index: region in /var/www/egorov/data/www/opencart-2-3-0-0.egorov.t-leader.ru/admin/controller/extension/module/cdek_integrator.php on line 4204
2021-06-16 20:48:48 - PHP Notice:  Undefined index: region in /var/www/egorov/data/www/opencart-2-3-0-0.egorov.t-leader.ru/admin/controller/extension/module/cdek_integrator.php on line 4204
2021-06-16 20:48:49 - PHP Notice:  Undefined index: region in /var/www/egorov/data/www/opencart-2-3-0-0.egorov.t-leader.ru/admin/controller/extension/module/cdek_integrator.php on line 4204
2021-06-16 20:48:49 - PHP Notice:  Undefined index: region in /var/www/egorov/data/www/opencart-2-3-0-0.egorov.t-leader.ru/admin/controller/extension/module/cdek_integrator.php on line 4204
2021-06-16 20:48:49 - PHP Notice:  Undefined index: region in /var/www/egorov/data/www/opencart-2-3-0-0.egorov.t-leader.ru/admin/controller/extension/module/cdek_integrator.php on line 4204
2021-06-16 20:48:49 - PHP Notice:  Undefined index: region in /var/www/egorov/data/www/opencart-2-3-0-0.egorov.t-leader.ru/admin/controller/extension/module/cdek_integrator.php on line 4204
2021-06-16 20:48:49 - PHP Notice:  Undefined index: region in /var/www/egorov/data/www/opencart-2-3-0-0.egorov.t-leader.ru/admin/controller/extension/module/cdek_integrator.php on line 4204
2021-06-16 20:48:49 - PHP Notice:  Undefined index: region in /var/www/egorov/data/www/opencart-2-3-0-0.egorov.t-leader.ru/admin/controller/extension/module/cdek_integrator.php on line 4204
2021-06-16 20:48:49 - PHP Notice:  Undefined index: region in /var/www/egorov/data/www/opencart-2-3-0-0.egorov.t-leader.ru/admin/controller/extension/module/cdek_integrator.php on line 4204
2021-06-16 20:48:49 - PHP Notice:  Undefined index: region in /var/www/egorov/data/www/opencart-2-3-0-0.egorov.t-leader.ru/admin/controller/extension/module/cdek_integrator.php on line 4204
2021-06-16 20:48:49 - PHP Notice:  Undefined index: region in /var/www/egorov/data/www/opencart-2-3-0-0.egorov.t-leader.ru/admin/controller/extension/module/cdek_integrator.php on line 4204
2021-06-16 20:48:49 - PHP Notice:  Undefined index: region in /var/www/egorov/data/www/opencart-2-3-0-0.egorov.t-leader.ru/admin/controller/extension/module/cdek_integrator.php on line 4204
2021-06-16 20:48:49 - PHP Notice:  Undefined index: region in /var/www/egorov/data/www/opencart-2-3-0-0.egorov.t-leader.ru/admin/controller/extension/module/cdek_integrator.php on line 4204
2021-06-16 20:48:49 - PHP Notice:  Undefined index: region in /var/www/egorov/data/www/opencart-2-3-0-0.egorov.t-leader.ru/admin/controller/extension/module/cdek_integrator.php on line 4204
2021-06-16 20:48:49 - PHP Notice:  Undefined index: region in /var/www/egorov/data/www/opencart-2-3-0-0.egorov.t-leader.ru/admin/controller/extension/module/cdek_integrator.php on line 4204
2021-06-16 20:48:49 - PHP Notice:  Undefined index: region in /var/www/egorov/data/www/opencart-2-3-0-0.egorov.t-leader.ru/admin/controller/extension/module/cdek_integrator.php on line 4204
2021-06-16 20:48:50 - PHP Notice:  Undefined index: region in /var/www/egorov/data/www/opencart-2-3-0-0.egorov.t-leader.ru/admin/controller/extension/module/cdek_integrator.php on line 4204
2021-06-16 20:48:50 - PHP Notice:  Undefined index: region in /var/www/egorov/data/www/opencart-2-3-0-0.egorov.t-leader.ru/admin/controller/extension/module/cdek_integrator.php on line 4204
2021-06-16 20:48:50 - PHP Notice:  Undefined index: region in /var/www/egorov/data/www/opencart-2-3-0-0.egorov.t-leader.ru/admin/controller/extension/module/cdek_integrator.php on line 4204
2021-06-16 20:48:50 - PHP Notice:  Undefined index: region in /var/www/egorov/data/www/opencart-2-3-0-0.egorov.t-leader.ru/admin/controller/extension/module/cdek_integrator.php on line 4204
2021-06-16 20:48:51 - PHP Notice:  Undefined index: region in /var/www/egorov/data/www/opencart-2-3-0-0.egorov.t-leader.ru/admin/controller/extension/module/cdek_integrator.php on line 4204
2021-06-16 20:48:51 - PHP Notice:  Undefined index: region in /var/www/egorov/data/www/opencart-2-3-0-0.egorov.t-leader.ru/admin/controller/extension/module/cdek_integrator.php on line 4204
2021-06-16 20:48:51 - PHP Notice:  Undefined index: region in /var/www/egorov/data/www/opencart-2-3-0-0.egorov.t-leader.ru/admin/controller/extension/module/cdek_integrator.php on line 4204
2021-06-16 20:48:51 - PHP Notice:  Undefined index: region in /var/www/egorov/data/www/opencart-2-3-0-0.egorov.t-leader.ru/admin/controller/extension/module/cdek_integrator.php on line 4204
2021-06-16 20:48:51 - PHP Notice:  Undefined index: region in /var/www/egorov/data/www/opencart-2-3-0-0.egorov.t-leader.ru/admin/controller/extension/module/cdek_integrator.php on line 4204
2021-06-16 20:48:51 - PHP Notice:  Undefined index: region in /var/www/egorov/data/www/opencart-2-3-0-0.egorov.t-leader.ru/admin/controller/extension/module/cdek_integrator.php on line 4204
2021-06-16 20:48:51 - PHP Notice:  Undefined index: region in /var/www/egorov/data/www/opencart-2-3-0-0.egorov.t-leader.ru/admin/controller/extension/module/cdek_integrator.php on line 4204
2021-06-16 20:48:52 - PHP Notice:  Undefined index: region in /var/www/egorov/data/www/opencart-2-3-0-0.egorov.t-leader.ru/admin/controller/extension/module/cdek_integrator.php on line 4204
2021-06-16 20:48:52 - PHP Notice:  Undefined index: region in /var/www/egorov/data/www/opencart-2-3-0-0.egorov.t-leader.ru/admin/controller/extension/module/cdek_integrator.php on line 4204
2021-06-16 20:48:52 - PHP Notice:  Undefined index: region in /var/www/egorov/data/www/opencart-2-3-0-0.egorov.t-leader.ru/admin/controller/extension/module/cdek_integrator.php on line 4204
2021-06-16 20:48:53 - PHP Notice:  Undefined index: region in /var/www/egorov/data/www/opencart-2-3-0-0.egorov.t-leader.ru/admin/controller/extension/module/cdek_integrator.php on line 4204
2021-06-16 20:48:53 - PHP Notice:  Undefined index: region in /var/www/egorov/data/www/opencart-2-3-0-0.egorov.t-leader.ru/admin/controller/extension/module/cdek_integrator.php on line 4204
2021-06-16 20:48:53 - PHP Notice:  Undefined index: region in /var/www/egorov/data/www/opencart-2-3-0-0.egorov.t-leader.ru/admin/controller/extension/module/cdek_integrator.php on line 4204
2021-06-16 20:48:53 - PHP Notice:  Undefined index: region in /var/www/egorov/data/www/opencart-2-3-0-0.egorov.t-leader.ru/admin/controller/extension/module/cdek_integrator.php on line 4204
2021-06-16 20:48:53 - PHP Notice:  Undefined index: region in /var/www/egorov/data/www/opencart-2-3-0-0.egorov.t-leader.ru/admin/controller/extension/module/cdek_integrator.php on line 4204
2021-06-17 9:36:15 - PHP Warning:  ftp_chdir(): 'var/www/egorov/data/www/opencart-2-3-0-0.egorov.t-leader.ru/': No such file or directory in /var/www/egorov/data/www/opencart-2-3-0-0.egorov.t-leader.ru/admin/controller/extension/installer.php on line 298
2021-06-17 9:37:11 - PHP Warning:  ftp_chdir(): 'var/www/egorov/data/www/opencart-2-3-0-0.egorov.t-leader.ru/': No such file or directory in /var/www/egorov/data/www/opencart-2-3-0-0.egorov.t-leader.ru/admin/controller/extension/installer.php on line 298
2021-06-17 9:37:53 - PHP Warning:  ftp_chdir(): var/www/egorov/data/www/opencart-2-3-0-0.egorov.t-leader.ru/: No such file or directory in /var/www/egorov/data/www/opencart-2-3-0-0.egorov.t-leader.ru/admin/controller/extension/installer.php on line 298
2021-06-17 9:40:45 - PHP Warning:  ftp_chdir(): 'public_html/&amp;quot;: No such file or directory in /var/www/egorov/data/www/opencart-2-3-0-0.egorov.t-leader.ru/admin/controller/extension/installer.php on line 298
2021-06-17 9:42:28 - PHP Warning:  ftp_chdir(): /var/www/egorov/data/www/opencart-2-3-0-0.egorov.t-leader.ru/: No such file or directory in /var/www/egorov/data/www/opencart-2-3-0-0.egorov.t-leader.ru/admin/controller/extension/installer.php on line 298
2021-06-17 9:43:31 - PHP Warning:  ftp_chdir(): var/www/egorov/data/www/opencart-2-3-0-0.egorov.t-leader.ru/: No such file or directory in /var/www/egorov/data/www/opencart-2-3-0-0.egorov.t-leader.ru/admin/controller/extension/installer.php on line 298
2021-06-17 9:53:07 - PHP Notice:  Error: Could not load template /var/www/egorov/data/www/opencart-2-3-0-0.egorov.t-leader.ru/admin/view/template/extension/module/cdek_integrator/cdek_integrator.tpl! in /var/www/egorov/data/www/opencart-2-3-0-0.egorov.t-leader.ru/system/storage/modification/system/library/template/php.php on line 23
2021-06-17 10:14:06 - PHP Notice:  Error: Could not load template /var/www/egorov/data/www/opencart-2-3-0-0.egorov.t-leader.ru/admin/view/template/extension/module/cdek_integrator/cdek_integrator.tpl! in /var/www/egorov/data/www/opencart-2-3-0-0.egorov.t-leader.ru/system/storage/modification/system/library/template/php.php on line 23
2021-06-17 10:14:08 - PHP Notice:  Error: Could not load template /var/www/egorov/data/www/opencart-2-3-0-0.egorov.t-leader.ru/admin/view/template/extension/module/cdek_integrator/cdek_integrator.tpl! in /var/www/egorov/data/www/opencart-2-3-0-0.egorov.t-leader.ru/system/storage/modification/system/library/template/php.php on line 23
2021-06-17 10:14:09 - PHP Notice:  Error: Could not load template /var/www/egorov/data/www/opencart-2-3-0-0.egorov.t-leader.ru/admin/view/template/extension/module/cdek_integrator/cdek_integrator.tpl! in /var/www/egorov/data/www/opencart-2-3-0-0.egorov.t-leader.ru/system/storage/modification/system/library/template/php.php on line 23
2021-06-17 10:14:19 - PHP Notice:  Error: Could not load template /var/www/egorov/data/www/opencart-2-3-0-0.egorov.t-leader.ru/admin/view/template/extension/module/cdek_integrator/cdek_integrator.tpl! in /var/www/egorov/data/www/opencart-2-3-0-0.egorov.t-leader.ru/system/storage/modification/system/library/template/php.php on line 23
2021-06-17 10:14:50 - PHP Notice:  Error: Could not load template /var/www/egorov/data/www/opencart-2-3-0-0.egorov.t-leader.ru/admin/view/template/extension/module/cdek_integrator/cdek_integrator.tpl! in /var/www/egorov/data/www/opencart-2-3-0-0.egorov.t-leader.ru/system/storage/modification/system/library/template/php.php on line 23
2021-06-17 10:16:44 - PHP Notice:  Error: Could not load template /var/www/egorov/data/www/opencart-2-3-0-0.egorov.t-leader.ru/admin/view/template/extension/module/cdek_integrator/cdek_integrator.tpl! in /var/www/egorov/data/www/opencart-2-3-0-0.egorov.t-leader.ru/system/storage/modification/system/library/template/php.php on line 23
2021-06-17 10:26:41 - PHP Notice:  Undefined variable: update_city in /var/www/egorov/data/www/opencart-2-3-0-0.egorov.t-leader.ru/admin/view/template/extension/module/cdek_integrator/option.tpl on line 8
2021-06-17 10:26:41 - PHP Notice:  Undefined variable: text_updatecity in /var/www/egorov/data/www/opencart-2-3-0-0.egorov.t-leader.ru/admin/view/template/extension/module/cdek_integrator/option.tpl on line 9
2021-06-17 10:30:26 - PHP Notice:  Undefined variable: update_city in /var/www/egorov/data/www/opencart-2-3-0-0.egorov.t-leader.ru/admin/view/template/extension/module/cdek_integrator/option.tpl on line 8
2021-06-17 10:30:26 - PHP Notice:  Undefined variable: text_updatecity in /var/www/egorov/data/www/opencart-2-3-0-0.egorov.t-leader.ru/admin/view/template/extension/module/cdek_integrator/option.tpl on line 9
2021-06-17 10:32:11 - PHP Notice:  Undefined variable: update_city in /var/www/egorov/data/www/opencart-2-3-0-0.egorov.t-leader.ru/admin/view/template/extension/module/cdek_integrator/option.tpl on line 8
2021-06-17 10:32:11 - PHP Notice:  Undefined variable: text_updatecity in /var/www/egorov/data/www/opencart-2-3-0-0.egorov.t-leader.ru/admin/view/template/extension/module/cdek_integrator/option.tpl on line 9
2021-06-17 10:32:16 - PHP Notice:  Undefined variable: update_city in /var/www/egorov/data/www/opencart-2-3-0-0.egorov.t-leader.ru/admin/view/template/extension/module/cdek_integrator/option.tpl on line 8
2021-06-17 10:32:16 - PHP Notice:  Undefined variable: text_updatecity in /var/www/egorov/data/www/opencart-2-3-0-0.egorov.t-leader.ru/admin/view/template/extension/module/cdek_integrator/option.tpl on line 9
2021-06-17 10:32:29 - PHP Notice:  Undefined variable: update_city in /var/www/egorov/data/www/opencart-2-3-0-0.egorov.t-leader.ru/admin/view/template/extension/module/cdek_integrator/option.tpl on line 8
2021-06-17 10:32:29 - PHP Notice:  Undefined variable: text_updatecity in /var/www/egorov/data/www/opencart-2-3-0-0.egorov.t-leader.ru/admin/view/template/extension/module/cdek_integrator/option.tpl on line 9
2021-06-17 10:32:55 - PHP Notice:  Undefined variable: update_city in /var/www/egorov/data/www/opencart-2-3-0-0.egorov.t-leader.ru/admin/view/template/extension/module/cdek_integrator/option.tpl on line 8
2021-06-17 10:32:55 - PHP Notice:  Undefined variable: text_updatecity in /var/www/egorov/data/www/opencart-2-3-0-0.egorov.t-leader.ru/admin/view/template/extension/module/cdek_integrator/option.tpl on line 9
2021-06-17 10:34:21 - PHP Notice:  Undefined variable: update_city in /var/www/egorov/data/www/opencart-2-3-0-0.egorov.t-leader.ru/admin/view/template/extension/module/cdek_integrator/option.tpl on line 8
2021-06-17 10:34:21 - PHP Notice:  Undefined variable: text_updatecity in /var/www/egorov/data/www/opencart-2-3-0-0.egorov.t-leader.ru/admin/view/template/extension/module/cdek_integrator/option.tpl on line 9
2021-06-17 10:36:02 - СДЭК: вес заказа 11
2021-06-17 10:36:02 - СДЭК WARNING: не найден регион St. Petersburg
2021-06-17 10:36:02 - СДЭК WARNING: не удалось отфильтровать города по почтовому коду!
2021-06-17 10:36:02 - СДЭК WARNING: город: санкт-петербург
2021-06-17 10:36:02 - СДЭК WARNING: индекс: 187015
2021-06-17 10:36:02 - СДЭК WARNING: регион: St. Petersburg
2021-06-17 10:36:02 - СДЭК INFO: город (покупатель): санкт-петербург
2021-06-17 10:36:02 - СДЭК INFO: регион (покупатель): St. Petersburg
2021-06-17 10:36:02 - СДЭК INFO: город (определен): Санкт-Петербург, Санкт-Петербург
2021-06-17 10:36:02 - СДЭК: объем 0
2021-06-17 10:36:02 - СДЭК: не удалось рассчитать объем, возможно не заданы размеры товара или не установлено значение по умолчанию в настройках модуля!
2021-06-17 10:38:07 - СДЭК: вес заказа 11
2021-06-17 10:38:08 - СДЭК WARNING: не найден регион Ul'yanovsk
2021-06-17 10:38:08 - СДЭК INFO: город (покупатель): ульяновск
2021-06-17 10:38:08 - СДЭК INFO: регион (покупатель): Ul'yanovsk
2021-06-17 10:38:08 - СДЭК INFO: город (определен): Ульяновск, Ульяновская обл.
2021-06-17 10:38:08 - СДЭК: объем 0
2021-06-17 10:38:08 - СДЭК: не удалось рассчитать объем, возможно не заданы размеры товара или не установлено значение по умолчанию в настройках модуля!
2021-06-17 10:38:42 - СДЭК: вес заказа 11
2021-06-17 10:38:42 - СДЭК WARNING: не найден регион Ul'yanovsk
2021-06-17 10:38:42 - СДЭК INFO: город (покупатель): ульяновск
2021-06-17 10:38:42 - СДЭК INFO: регион (покупатель): Ul'yanovsk
2021-06-17 10:38:42 - СДЭК INFO: город (определен): Ульяновск, Ульяновская обл.
2021-06-17 10:38:42 - СДЭК: объем 0
2021-06-17 10:38:42 - СДЭК: не удалось рассчитать объем, возможно не заданы размеры товара или не установлено значение по умолчанию в настройках модуля!
2021-06-17 10:39:46 - СДЭК: вес заказа 11
2021-06-17 10:39:47 - СДЭК WARNING: не найден регион Ul'yanovsk
2021-06-17 10:39:47 - СДЭК INFO: город (покупатель): ульяновск
2021-06-17 10:39:47 - СДЭК INFO: регион (покупатель): Ul'yanovsk
2021-06-17 10:39:47 - СДЭК INFO: город (определен): Ульяновск, Ульяновская обл.
2021-06-17 10:39:47 - СДЭК: объем 0
2021-06-17 10:39:47 - СДЭК: не удалось рассчитать объем, возможно не заданы размеры товара или не установлено значение по умолчанию в настройках модуля!
2021-06-17 10:40:58 - СДЭК: вес заказа 11
2021-06-17 10:40:58 - СДЭК WARNING: не найден регион Ul'yanovsk
2021-06-17 10:40:58 - СДЭК INFO: город (покупатель): ульяновск
2021-06-17 10:40:58 - СДЭК INFO: регион (покупатель): Ul'yanovsk
2021-06-17 10:40:58 - СДЭК INFO: город (определен): Ульяновск, Ульяновская обл.
2021-06-17 10:40:58 - СДЭК: объем 0
2021-06-17 10:40:58 - СДЭК: не удалось рассчитать объем, возможно не заданы размеры товара или не установлено значение по умолчанию в настройках модуля!
2021-06-17 10:45:22 - СДЭК: вес заказа 2
2021-06-17 10:45:23 - СДЭК WARNING: не найден регион Ul'yanovsk
2021-06-17 10:45:23 - СДЭК INFO: город (покупатель): ульяновск
2021-06-17 10:45:23 - СДЭК INFO: регион (покупатель): Ul'yanovsk
2021-06-17 10:45:23 - СДЭК INFO: город (определен): Ульяновск, Ульяновская обл.
2021-06-17 10:45:23 - СДЭК: объем 0.001
2021-06-17 10:45:23 - СДЭК: Невозможно осуществить доставку по этому направлению при заданных условиях
2021-06-17 10:45:24 - СДЭК: Невозможно осуществить доставку по этому направлению при заданных условиях
2021-06-17 10:45:25 - СДЭК: Невозможно осуществить доставку по этому направлению при заданных условиях
2021-06-17 10:45:25 - СДЭК: Невозможно осуществить доставку по этому направлению при заданных условиях
2021-06-17 10:45:26 - СДЭК: Невозможно осуществить доставку по этому направлению при заданных условиях
2021-06-17 10:50:35 - PHP Notice:  Undefined variable: update_city in /var/www/egorov/data/www/opencart-2-3-0-0.egorov.t-leader.ru/admin/view/template/extension/module/cdek_integrator/option.tpl on line 8
2021-06-17 10:50:35 - PHP Notice:  Undefined variable: text_updatecity in /var/www/egorov/data/www/opencart-2-3-0-0.egorov.t-leader.ru/admin/view/template/extension/module/cdek_integrator/option.tpl on line 9
2021-06-17 10:52:32 - PHP Notice:  Undefined variable: update_city in /var/www/egorov/data/www/opencart-2-3-0-0.egorov.t-leader.ru/admin/view/template/extension/module/cdek_integrator/option.tpl on line 8
2021-06-17 10:52:32 - PHP Notice:  Undefined variable: text_updatecity in /var/www/egorov/data/www/opencart-2-3-0-0.egorov.t-leader.ru/admin/view/template/extension/module/cdek_integrator/option.tpl on line 9
2021-06-17 11:03:09 - PHP Notice:  Undefined variable: update_city in /var/www/egorov/data/www/opencart-2-3-0-0.egorov.t-leader.ru/admin/view/template/extension/module/cdek_integrator/option.tpl on line 8
2021-06-17 11:03:09 - PHP Notice:  Undefined variable: text_updatecity in /var/www/egorov/data/www/opencart-2-3-0-0.egorov.t-leader.ru/admin/view/template/extension/module/cdek_integrator/option.tpl on line 9
2021-06-17 11:05:56 - PHP Notice:  Undefined variable: update_city in /var/www/egorov/data/www/opencart-2-3-0-0.egorov.t-leader.ru/admin/view/template/extension/module/cdek_integrator/option.tpl on line 8
2021-06-17 11:05:56 - PHP Notice:  Undefined variable: text_updatecity in /var/www/egorov/data/www/opencart-2-3-0-0.egorov.t-leader.ru/admin/view/template/extension/module/cdek_integrator/option.tpl on line 9
2021-06-17 11:06:03 - PHP Notice:  Undefined variable: update_city in /var/www/egorov/data/www/opencart-2-3-0-0.egorov.t-leader.ru/admin/view/template/extension/module/cdek_integrator/option.tpl on line 8
2021-06-17 11:06:03 - PHP Notice:  Undefined variable: text_updatecity in /var/www/egorov/data/www/opencart-2-3-0-0.egorov.t-leader.ru/admin/view/template/extension/module/cdek_integrator/option.tpl on line 9
2021-06-17 11:09:02 - PHP Notice:  Undefined variable: update_city in /var/www/egorov/data/www/opencart-2-3-0-0.egorov.t-leader.ru/admin/view/template/extension/module/cdek_integrator/option.tpl on line 8
2021-06-17 11:09:02 - PHP Notice:  Undefined variable: text_updatecity in /var/www/egorov/data/www/opencart-2-3-0-0.egorov.t-leader.ru/admin/view/template/extension/module/cdek_integrator/option.tpl on line 9
2021-06-17 11:10:55 - PHP Notice:  Undefined variable: update_city in /var/www/egorov/data/www/opencart-2-3-0-0.egorov.t-leader.ru/admin/view/template/extension/module/cdek_integrator/option.tpl on line 8
2021-06-17 11:13:04 - PHP Notice:  Undefined variable: update_city in /var/www/egorov/data/www/opencart-2-3-0-0.egorov.t-leader.ru/admin/view/template/extension/module/cdek_integrator/option.tpl on line 8
2021-06-17 11:13:43 - PHP Notice:  Undefined variable: update_city in /var/www/egorov/data/www/opencart-2-3-0-0.egorov.t-leader.ru/admin/view/template/extension/module/cdek_integrator/option.tpl on line 8
2021-06-17 11:14:05 - PHP Notice:  Undefined variable: update_city in /var/www/egorov/data/www/opencart-2-3-0-0.egorov.t-leader.ru/admin/view/template/extension/module/cdek_integrator/option.tpl on line 8
2021-06-17 11:14:14 - PHP Notice:  Undefined variable: update_city in /var/www/egorov/data/www/opencart-2-3-0-0.egorov.t-leader.ru/admin/view/template/extension/module/cdek_integrator/option.tpl on line 8
2021-06-17 11:14:31 - PHP Notice:  Undefined variable: update_city in /var/www/egorov/data/www/opencart-2-3-0-0.egorov.t-leader.ru/admin/view/template/extension/module/cdek_integrator/option.tpl on line 8
2021-06-17 13:15:05 - PHP Notice:  Undefined variable: text_package in /var/www/egorov/data/www/opencart-2-3-0-0.egorov.t-leader.ru/admin/view/template/extension/module/cdek_integrator/order_form.tpl on line 363
2021-06-17 13:15:05 - PHP Notice:  Undefined variable: text_yes in /var/www/egorov/data/www/opencart-2-3-0-0.egorov.t-leader.ru/admin/view/template/extension/module/cdek_integrator/order_form.tpl on line 368
2021-06-17 13:15:05 - PHP Notice:  Undefined variable: text_no in /var/www/egorov/data/www/opencart-2-3-0-0.egorov.t-leader.ru/admin/view/template/extension/module/cdek_integrator/order_form.tpl on line 380
2021-06-17 13:15:05 - PHP Notice:  Undefined variable: package_id in /var/www/egorov/data/www/opencart-2-3-0-0.egorov.t-leader.ru/admin/view/template/extension/module/cdek_integrator/order_form.tpl on line 385
2021-06-17 13:15:05 - PHP Notice:  Use of undefined constant vat_rate - assumed 'vat_rate' in /var/www/egorov/data/www/opencart-2-3-0-0.egorov.t-leader.ru/admin/view/template/extension/module/cdek_integrator/order_form.tpl on line 496
2021-06-17 13:15:05 - PHP Notice:  Array to string conversion in /var/www/egorov/data/www/opencart-2-3-0-0.egorov.t-leader.ru/admin/view/template/extension/module/cdek_integrator/order_form.tpl on line 500
2021-06-17 13:15:05 - PHP Notice:  Use of undefined constant vat_rate - assumed 'vat_rate' in /var/www/egorov/data/www/opencart-2-3-0-0.egorov.t-leader.ru/admin/view/template/extension/module/cdek_integrator/order_form.tpl on line 496
2021-06-17 13:15:05 - PHP Notice:  Array to string conversion in /var/www/egorov/data/www/opencart-2-3-0-0.egorov.t-leader.ru/admin/view/template/extension/module/cdek_integrator/order_form.tpl on line 500
2021-06-17 13:15:05 - PHP Notice:  Use of undefined constant vat_rate - assumed 'vat_rate' in /var/www/egorov/data/www/opencart-2-3-0-0.egorov.t-leader.ru/admin/view/template/extension/module/cdek_integrator/order_form.tpl on line 496
2021-06-17 13:15:05 - PHP Notice:  Array to string conversion in /var/www/egorov/data/www/opencart-2-3-0-0.egorov.t-leader.ru/admin/view/template/extension/module/cdek_integrator/order_form.tpl on line 500
2021-06-17 13:15:05 - PHP Notice:  Use of undefined constant vat_rate - assumed 'vat_rate' in /var/www/egorov/data/www/opencart-2-3-0-0.egorov.t-leader.ru/admin/view/template/extension/module/cdek_integrator/order_form.tpl on line 496
2021-06-17 13:15:05 - PHP Notice:  Array to string conversion in /var/www/egorov/data/www/opencart-2-3-0-0.egorov.t-leader.ru/admin/view/template/extension/module/cdek_integrator/order_form.tpl on line 500
2021-06-17 13:15:05 - PHP Notice:  Use of undefined constant error - assumed 'error' in /var/www/egorov/data/www/opencart-2-3-0-0.egorov.t-leader.ru/admin/view/template/extension/module/cdek_integrator/order_form.tpl on line 504
2021-06-17 13:27:33 - PHP Notice:  Undefined variable: text_package in /var/www/egorov/data/www/opencart-2-3-0-0.egorov.t-leader.ru/admin/view/template/extension/module/cdek_integrator/order_form.tpl on line 363
2021-06-17 13:27:33 - PHP Notice:  Undefined variable: text_yes in /var/www/egorov/data/www/opencart-2-3-0-0.egorov.t-leader.ru/admin/view/template/extension/module/cdek_integrator/order_form.tpl on line 368
2021-06-17 13:27:33 - PHP Notice:  Undefined variable: text_no in /var/www/egorov/data/www/opencart-2-3-0-0.egorov.t-leader.ru/admin/view/template/extension/module/cdek_integrator/order_form.tpl on line 380
2021-06-17 13:27:33 - PHP Notice:  Undefined variable: package_id in /var/www/egorov/data/www/opencart-2-3-0-0.egorov.t-leader.ru/admin/view/template/extension/module/cdek_integrator/order_form.tpl on line 385
2021-06-17 13:27:33 - PHP Notice:  Use of undefined constant vat_rate - assumed 'vat_rate' in /var/www/egorov/data/www/opencart-2-3-0-0.egorov.t-leader.ru/admin/view/template/extension/module/cdek_integrator/order_form.tpl on line 496
2021-06-17 13:27:33 - PHP Notice:  Array to string conversion in /var/www/egorov/data/www/opencart-2-3-0-0.egorov.t-leader.ru/admin/view/template/extension/module/cdek_integrator/order_form.tpl on line 500
2021-06-17 13:27:33 - PHP Notice:  Use of undefined constant vat_rate - assumed 'vat_rate' in /var/www/egorov/data/www/opencart-2-3-0-0.egorov.t-leader.ru/admin/view/template/extension/module/cdek_integrator/order_form.tpl on line 496
2021-06-17 13:27:33 - PHP Notice:  Array to string conversion in /var/www/egorov/data/www/opencart-2-3-0-0.egorov.t-leader.ru/admin/view/template/extension/module/cdek_integrator/order_form.tpl on line 500
2021-06-17 13:27:33 - PHP Notice:  Use of undefined constant vat_rate - assumed 'vat_rate' in /var/www/egorov/data/www/opencart-2-3-0-0.egorov.t-leader.ru/admin/view/template/extension/module/cdek_integrator/order_form.tpl on line 496
2021-06-17 13:27:33 - PHP Notice:  Array to string conversion in /var/www/egorov/data/www/opencart-2-3-0-0.egorov.t-leader.ru/admin/view/template/extension/module/cdek_integrator/order_form.tpl on line 500
2021-06-17 13:27:33 - PHP Notice:  Use of undefined constant vat_rate - assumed 'vat_rate' in /var/www/egorov/data/www/opencart-2-3-0-0.egorov.t-leader.ru/admin/view/template/extension/module/cdek_integrator/order_form.tpl on line 496
2021-06-17 13:27:33 - PHP Notice:  Array to string conversion in /var/www/egorov/data/www/opencart-2-3-0-0.egorov.t-leader.ru/admin/view/template/extension/module/cdek_integrator/order_form.tpl on line 500
2021-06-17 13:27:33 - PHP Notice:  Use of undefined constant error - assumed 'error' in /var/www/egorov/data/www/opencart-2-3-0-0.egorov.t-leader.ru/admin/view/template/extension/module/cdek_integrator/order_form.tpl on line 504
2021-06-17 13:30:46 - СДЭК: вес заказа 2
2021-06-17 13:30:47 - СДЭК WARNING: не найден регион Moscow
2021-06-17 13:30:47 - СДЭК WARNING: не удалось отфильтровать города по почтовому коду!
2021-06-17 13:30:47 - СДЭК WARNING: город: ульяновск
2021-06-17 13:30:47 - СДЭК WARNING: индекс: 101000
2021-06-17 13:30:47 - СДЭК WARNING: регион: Moscow
2021-06-17 13:30:47 - СДЭК INFO: город (покупатель): ульяновск
2021-06-17 13:30:47 - СДЭК INFO: регион (покупатель): Moscow
2021-06-17 13:30:47 - СДЭК INFO: город (определен): Ульяновск, Ульяновская обл.
2021-06-17 13:30:47 - СДЭК: объем 0.001
2021-06-17 13:30:47 - СДЭК: Невозможно осуществить доставку по этому направлению при заданных условиях
2021-06-17 13:30:48 - СДЭК: Невозможно осуществить доставку по этому направлению при заданных условиях
2021-06-17 13:30:48 - СДЭК: Невозможно осуществить доставку по этому направлению при заданных условиях
2021-06-17 13:30:49 - СДЭК: Невозможно осуществить доставку по этому направлению при заданных условиях
2021-06-17 13:30:49 - СДЭК: Невозможно осуществить доставку по этому направлению при заданных условиях
2021-06-17 13:31:27 - PHP Notice:  Undefined variable: text_package in /var/www/egorov/data/www/opencart-2-3-0-0.egorov.t-leader.ru/admin/view/template/extension/module/cdek_integrator/order_form.tpl on line 363
2021-06-17 13:31:27 - PHP Notice:  Undefined variable: text_yes in /var/www/egorov/data/www/opencart-2-3-0-0.egorov.t-leader.ru/admin/view/template/extension/module/cdek_integrator/order_form.tpl on line 368
2021-06-17 13:31:27 - PHP Notice:  Undefined variable: text_no in /var/www/egorov/data/www/opencart-2-3-0-0.egorov.t-leader.ru/admin/view/template/extension/module/cdek_integrator/order_form.tpl on line 380
2021-06-17 13:31:27 - PHP Notice:  Undefined variable: package_id in /var/www/egorov/data/www/opencart-2-3-0-0.egorov.t-leader.ru/admin/view/template/extension/module/cdek_integrator/order_form.tpl on line 385
2021-06-17 13:31:27 - PHP Notice:  Use of undefined constant vat_rate - assumed 'vat_rate' in /var/www/egorov/data/www/opencart-2-3-0-0.egorov.t-leader.ru/admin/view/template/extension/module/cdek_integrator/order_form.tpl on line 496
2021-06-17 13:31:27 - PHP Notice:  Array to string conversion in /var/www/egorov/data/www/opencart-2-3-0-0.egorov.t-leader.ru/admin/view/template/extension/module/cdek_integrator/order_form.tpl on line 500
2021-06-17 13:31:27 - PHP Notice:  Use of undefined constant vat_rate - assumed 'vat_rate' in /var/www/egorov/data/www/opencart-2-3-0-0.egorov.t-leader.ru/admin/view/template/extension/module/cdek_integrator/order_form.tpl on line 496
2021-06-17 13:31:27 - PHP Notice:  Array to string conversion in /var/www/egorov/data/www/opencart-2-3-0-0.egorov.t-leader.ru/admin/view/template/extension/module/cdek_integrator/order_form.tpl on line 500
2021-06-17 13:31:27 - PHP Notice:  Use of undefined constant vat_rate - assumed 'vat_rate' in /var/www/egorov/data/www/opencart-2-3-0-0.egorov.t-leader.ru/admin/view/template/extension/module/cdek_integrator/order_form.tpl on line 496
2021-06-17 13:31:27 - PHP Notice:  Array to string conversion in /var/www/egorov/data/www/opencart-2-3-0-0.egorov.t-leader.ru/admin/view/template/extension/module/cdek_integrator/order_form.tpl on line 500
2021-06-17 13:31:27 - PHP Notice:  Use of undefined constant vat_rate - assumed 'vat_rate' in /var/www/egorov/data/www/opencart-2-3-0-0.egorov.t-leader.ru/admin/view/template/extension/module/cdek_integrator/order_form.tpl on line 496
2021-06-17 13:31:27 - PHP Notice:  Array to string conversion in /var/www/egorov/data/www/opencart-2-3-0-0.egorov.t-leader.ru/admin/view/template/extension/module/cdek_integrator/order_form.tpl on line 500
2021-06-17 13:31:27 - PHP Notice:  Use of undefined constant error - assumed 'error' in /var/www/egorov/data/www/opencart-2-3-0-0.egorov.t-leader.ru/admin/view/template/extension/module/cdek_integrator/order_form.tpl on line 504
2021-06-17 13:32:46 - PHP Notice:  Undefined variable: text_package in /var/www/egorov/data/www/opencart-2-3-0-0.egorov.t-leader.ru/admin/view/template/extension/module/cdek_integrator/order_form.tpl on line 363
2021-06-17 13:32:46 - PHP Notice:  Undefined variable: text_yes in /var/www/egorov/data/www/opencart-2-3-0-0.egorov.t-leader.ru/admin/view/template/extension/module/cdek_integrator/order_form.tpl on line 368
2021-06-17 13:32:46 - PHP Notice:  Undefined variable: text_no in /var/www/egorov/data/www/opencart-2-3-0-0.egorov.t-leader.ru/admin/view/template/extension/module/cdek_integrator/order_form.tpl on line 380
2021-06-17 13:32:46 - PHP Notice:  Undefined variable: package_id in /var/www/egorov/data/www/opencart-2-3-0-0.egorov.t-leader.ru/admin/view/template/extension/module/cdek_integrator/order_form.tpl on line 385
2021-06-17 13:32:46 - PHP Notice:  Use of undefined constant vat_rate - assumed 'vat_rate' in /var/www/egorov/data/www/opencart-2-3-0-0.egorov.t-leader.ru/admin/view/template/extension/module/cdek_integrator/order_form.tpl on line 496
2021-06-17 13:32:46 - PHP Notice:  Array to string conversion in /var/www/egorov/data/www/opencart-2-3-0-0.egorov.t-leader.ru/admin/view/template/extension/module/cdek_integrator/order_form.tpl on line 500
2021-06-17 13:32:46 - PHP Notice:  Use of undefined constant vat_rate - assumed 'vat_rate' in /var/www/egorov/data/www/opencart-2-3-0-0.egorov.t-leader.ru/admin/view/template/extension/module/cdek_integrator/order_form.tpl on line 496
2021-06-17 13:32:46 - PHP Notice:  Array to string conversion in /var/www/egorov/data/www/opencart-2-3-0-0.egorov.t-leader.ru/admin/view/template/extension/module/cdek_integrator/order_form.tpl on line 500
2021-06-17 13:32:46 - PHP Notice:  Use of undefined constant vat_rate - assumed 'vat_rate' in /var/www/egorov/data/www/opencart-2-3-0-0.egorov.t-leader.ru/admin/view/template/extension/module/cdek_integrator/order_form.tpl on line 496
2021-06-17 13:32:46 - PHP Notice:  Array to string conversion in /var/www/egorov/data/www/opencart-2-3-0-0.egorov.t-leader.ru/admin/view/template/extension/module/cdek_integrator/order_form.tpl on line 500
2021-06-17 13:32:46 - PHP Notice:  Use of undefined constant vat_rate - assumed 'vat_rate' in /var/www/egorov/data/www/opencart-2-3-0-0.egorov.t-leader.ru/admin/view/template/extension/module/cdek_integrator/order_form.tpl on line 496
2021-06-17 13:32:46 - PHP Notice:  Array to string conversion in /var/www/egorov/data/www/opencart-2-3-0-0.egorov.t-leader.ru/admin/view/template/extension/module/cdek_integrator/order_form.tpl on line 500
2021-06-17 13:32:46 - PHP Notice:  Use of undefined constant error - assumed 'error' in /var/www/egorov/data/www/opencart-2-3-0-0.egorov.t-leader.ru/admin/view/template/extension/module/cdek_integrator/order_form.tpl on line 504
2021-06-17 13:57:47 - PHP Notice:  Undefined variable: text_package in /var/www/egorov/data/www/opencart-2-3-0-0.egorov.t-leader.ru/admin/view/template/extension/module/cdek_integrator/order_form.tpl on line 363
2021-06-17 13:57:47 - PHP Notice:  Undefined variable: text_yes in /var/www/egorov/data/www/opencart-2-3-0-0.egorov.t-leader.ru/admin/view/template/extension/module/cdek_integrator/order_form.tpl on line 368
2021-06-17 13:57:47 - PHP Notice:  Undefined variable: text_no in /var/www/egorov/data/www/opencart-2-3-0-0.egorov.t-leader.ru/admin/view/template/extension/module/cdek_integrator/order_form.tpl on line 380
2021-06-17 13:57:47 - PHP Notice:  Undefined variable: package_id in /var/www/egorov/data/www/opencart-2-3-0-0.egorov.t-leader.ru/admin/view/template/extension/module/cdek_integrator/order_form.tpl on line 385
2021-06-17 13:57:47 - PHP Notice:  Use of undefined constant vat_rate - assumed 'vat_rate' in /var/www/egorov/data/www/opencart-2-3-0-0.egorov.t-leader.ru/admin/view/template/extension/module/cdek_integrator/order_form.tpl on line 496
2021-06-17 13:57:47 - PHP Notice:  Array to string conversion in /var/www/egorov/data/www/opencart-2-3-0-0.egorov.t-leader.ru/admin/view/template/extension/module/cdek_integrator/order_form.tpl on line 500
2021-06-17 13:57:47 - PHP Notice:  Use of undefined constant vat_rate - assumed 'vat_rate' in /var/www/egorov/data/www/opencart-2-3-0-0.egorov.t-leader.ru/admin/view/template/extension/module/cdek_integrator/order_form.tpl on line 496
2021-06-17 13:57:47 - PHP Notice:  Array to string conversion in /var/www/egorov/data/www/opencart-2-3-0-0.egorov.t-leader.ru/admin/view/template/extension/module/cdek_integrator/order_form.tpl on line 500
2021-06-17 13:57:47 - PHP Notice:  Use of undefined constant vat_rate - assumed 'vat_rate' in /var/www/egorov/data/www/opencart-2-3-0-0.egorov.t-leader.ru/admin/view/template/extension/module/cdek_integrator/order_form.tpl on line 496
2021-06-17 13:57:47 - PHP Notice:  Array to string conversion in /var/www/egorov/data/www/opencart-2-3-0-0.egorov.t-leader.ru/admin/view/template/extension/module/cdek_integrator/order_form.tpl on line 500
2021-06-17 13:57:47 - PHP Notice:  Use of undefined constant vat_rate - assumed 'vat_rate' in /var/www/egorov/data/www/opencart-2-3-0-0.egorov.t-leader.ru/admin/view/template/extension/module/cdek_integrator/order_form.tpl on line 496
2021-06-17 13:57:47 - PHP Notice:  Array to string conversion in /var/www/egorov/data/www/opencart-2-3-0-0.egorov.t-leader.ru/admin/view/template/extension/module/cdek_integrator/order_form.tpl on line 500
2021-06-17 13:57:47 - PHP Notice:  Use of undefined constant error - assumed 'error' in /var/www/egorov/data/www/opencart-2-3-0-0.egorov.t-leader.ru/admin/view/template/extension/module/cdek_integrator/order_form.tpl on line 504
